<?xml version="1.0" encoding="UTF-8" ?>
<testsuites>
  <testsuite errors="14" failures="4" hostname="DESKTOP-I9252OC" id="0" name="AllTests" package="edu.uag.iidis.scec.pruebas" skipped="0" tests="30" time="3.523" timestamp="2017-04-07T11:44:07">
      <properties>
[...]
</properties>

      <testcase classname="edu.uag.iidis.scec.pruebas.UsuarioDAOTest" name="testBuscarPorEjemplo" time="2.183" />

      <testcase classname="edu.uag.iidis.scec.pruebas.UsuarioDAOTest" name="testEliminarUsuario" time="0.428" />

      <testcase classname="edu.uag.iidis.scec.pruebas.UsuarioDAOTest" name="testBuscarUsuarioPorId" time="0.012" />

      <testcase classname="edu.uag.iidis.scec.pruebas.UsuarioDAOTest" name="testVerificarRol" time="0.01" />

      <testcase classname="edu.uag.iidis.scec.pruebas.UsuarioDAOTest" name="testCrearUsuario" time="0.086" />

      <testcase classname="edu.uag.iidis.scec.pruebas.UsuarioDAOTest" name="testBuscarTodos" time="0.009" />

      <testcase classname="edu.uag.iidis.scec.pruebas.HotelDAOTest" name="testActualizarHotelE" time="0.054">
          <error message="org.hibernate.exception.ConstraintViolationException: Duplicate key or integrity constraint violation,  message from server: &quot;Duplicate entry &apos;003&apos; for key &apos;Nombre&apos;&quot;" type="edu.uag.iidis.scec.excepciones.ExcepcionInfraestructura">edu.uag.iidis.scec.excepciones.ExcepcionInfraestructura: org.hibernate.exception.ConstraintViolationException: Duplicate key or integrity constraint violation,  message from server: &quot;Duplicate entry &apos;003&apos; for key &apos;Nombre&apos;&quot;
	at edu.uag.iidis.scec.persistencia.hibernate.HibernateUtil.commitTransaction(HibernateUtil.java:275)
	at edu.uag.iidis.scec.pruebas.HotelDAOTest.testActualizarHotelE(HotelDAOTest.java:94)
	at junit.extensions.TestDecorator.basicRun(TestDecorator.java:22)
	at junit.extensions.TestSetup$1.protect(TestSetup.java:19)
	at junit.extensions.TestSetup.run(TestSetup.java:23)
Caused by: org.hibernate.exception.ConstraintViolationException: Duplicate key or integrity constraint violation,  message from server: &quot;Duplicate entry &apos;003&apos; for key &apos;Nombre&apos;&quot;
	at org.hibernate.exception.internal.SQLStateConverter.convert(SQLStateConverter.java:104)
	at org.hibernate.engine.jdbc.spi.SqlExceptionHelper.convert(SqlExceptionHelper.java:125)
	at org.hibernate.engine.jdbc.spi.SqlExceptionHelper.convert(SqlExceptionHelper.java:110)
	at org.hibernate.engine.jdbc.internal.proxy.AbstractStatementProxyHandler.continueInvocation(AbstractStatementProxyHandler.java:129)
	at org.hibernate.engine.jdbc.internal.proxy.AbstractProxyHandler.invoke(AbstractProxyHandler.java:81)
	at com.sun.proxy.$Proxy3.executeUpdate(Unknown Source)
	at org.hibernate.engine.jdbc.batch.internal.NonBatchingBatch.addToBatch(NonBatchingBatch.java:56)
	at org.hibernate.persister.entity.AbstractEntityPersister.insert(AbstractEntityPersister.java:2849)
	at org.hibernate.persister.entity.AbstractEntityPersister.insert(AbstractEntityPersister.java:3290)
	at org.hibernate.action.internal.EntityInsertAction.execute(EntityInsertAction.java:80)
	at org.hibernate.engine.spi.ActionQueue.execute(ActionQueue.java:273)
	at org.hibernate.engine.spi.ActionQueue.executeActions(ActionQueue.java:265)
	at org.hibernate.engine.spi.ActionQueue.executeActions(ActionQueue.java:186)
	at org.hibernate.event.internal.AbstractFlushingEventListener.performExecutions(AbstractFlushingEventListener.java:323)
	at org.hibernate.event.internal.DefaultFlushEventListener.onFlush(DefaultFlushEventListener.java:52)
	at org.hibernate.internal.SessionImpl.flush(SessionImpl.java:1081)
	at org.hibernate.internal.SessionImpl.managedFlush(SessionImpl.java:315)
	at org.hibernate.engine.transaction.internal.jdbc.JdbcTransaction.beforeTransactionCommit(JdbcTransaction.java:101)
	at org.hibernate.engine.transaction.spi.AbstractTransactionImpl.commit(AbstractTransactionImpl.java:175)
	at edu.uag.iidis.scec.persistencia.hibernate.HibernateUtil.commitTransaction(HibernateUtil.java:266)
Caused by: java.sql.SQLException: Duplicate key or integrity constraint violation,  message from server: &quot;Duplicate entry &apos;003&apos; for key &apos;Nombre&apos;&quot;
	at com.mysql.jdbc.MysqlIO.checkErrorPacket(MysqlIO.java:1977)
	at com.mysql.jdbc.MysqlIO.sendCommand(MysqlIO.java:1163)
	at com.mysql.jdbc.MysqlIO.sqlQueryDirect(MysqlIO.java:1272)
	at com.mysql.jdbc.Connection.execSQL(Connection.java:2236)
	at com.mysql.jdbc.PreparedStatement.executeUpdate(PreparedStatement.java:1741)
	at com.mysql.jdbc.PreparedStatement.executeUpdate(PreparedStatement.java:1588)
	at org.hibernate.engine.jdbc.internal.proxy.AbstractStatementProxyHandler.continueInvocation(AbstractStatementProxyHandler.java:122)
</error>

      </testcase>

      <testcase classname="edu.uag.iidis.scec.pruebas.HotelDAOTest" name="testEliminarHotelE" time="0.01">
          <error message="org.hibernate.ObjectNotFoundException: No row with the given identifier exists: [edu.uag.iidis.scec.modelo.Hotel#1]" type="edu.uag.iidis.scec.excepciones.ExcepcionInfraestructura">edu.uag.iidis.scec.excepciones.ExcepcionInfraestructura: org.hibernate.ObjectNotFoundException: No row with the given identifier exists: [edu.uag.iidis.scec.modelo.Hotel#1]
	at edu.uag.iidis.scec.persistencia.HotelDAO.buscarPorId(HotelDAO.java:52)
	at edu.uag.iidis.scec.pruebas.HotelDAOTest.testEliminarHotelE(HotelDAOTest.java:222)
	at junit.extensions.TestDecorator.basicRun(TestDecorator.java:22)
	at junit.extensions.TestSetup$1.protect(TestSetup.java:19)
	at junit.extensions.TestSetup.run(TestSetup.java:23)
Caused by: org.hibernate.ObjectNotFoundException: No row with the given identifier exists: [edu.uag.iidis.scec.modelo.Hotel#1]
	at org.hibernate.internal.SessionFactoryImpl$1$1.handleEntityNotFound(SessionFactoryImpl.java:237)
	at org.hibernate.event.internal.DefaultLoadEventListener.load(DefaultLoadEventListener.java:210)
	at org.hibernate.event.internal.DefaultLoadEventListener.lockAndLoad(DefaultLoadEventListener.java:361)
	at org.hibernate.event.internal.DefaultLoadEventListener.onLoad(DefaultLoadEventListener.java:151)
	at org.hibernate.internal.SessionImpl.fireLoad(SessionImpl.java:954)
	at org.hibernate.internal.SessionImpl.load(SessionImpl.java:920)
	at org.hibernate.internal.SessionImpl.load(SessionImpl.java:911)
	at edu.uag.iidis.scec.persistencia.HotelDAO.buscarPorId(HotelDAO.java:39)
</error>

      </testcase>

      <testcase classname="edu.uag.iidis.scec.pruebas.HotelDAOTest" name="testEliminarHotelF" time="0.004">
          <error message="org.hibernate.ObjectNotFoundException: No row with the given identifier exists: [edu.uag.iidis.scec.modelo.Hotel#0]" type="edu.uag.iidis.scec.excepciones.ExcepcionInfraestructura">edu.uag.iidis.scec.excepciones.ExcepcionInfraestructura: org.hibernate.ObjectNotFoundException: No row with the given identifier exists: [edu.uag.iidis.scec.modelo.Hotel#0]
	at edu.uag.iidis.scec.persistencia.HotelDAO.buscarPorId(HotelDAO.java:52)
	at edu.uag.iidis.scec.pruebas.HotelDAOTest.testEliminarHotelF(HotelDAOTest.java:239)
	at junit.extensions.TestDecorator.basicRun(TestDecorator.java:22)
	at junit.extensions.TestSetup$1.protect(TestSetup.java:19)
	at junit.extensions.TestSetup.run(TestSetup.java:23)
Caused by: org.hibernate.ObjectNotFoundException: No row with the given identifier exists: [edu.uag.iidis.scec.modelo.Hotel#0]
	at org.hibernate.internal.SessionFactoryImpl$1$1.handleEntityNotFound(SessionFactoryImpl.java:237)
	at org.hibernate.event.internal.DefaultLoadEventListener.load(DefaultLoadEventListener.java:210)
	at org.hibernate.event.internal.DefaultLoadEventListener.lockAndLoad(DefaultLoadEventListener.java:361)
	at org.hibernate.event.internal.DefaultLoadEventListener.onLoad(DefaultLoadEventListener.java:151)
	at org.hibernate.internal.SessionImpl.fireLoad(SessionImpl.java:954)
	at org.hibernate.internal.SessionImpl.load(SessionImpl.java:920)
	at org.hibernate.internal.SessionImpl.load(SessionImpl.java:911)
	at edu.uag.iidis.scec.persistencia.HotelDAO.buscarPorId(HotelDAO.java:39)
</error>

      </testcase>

      <testcase classname="edu.uag.iidis.scec.pruebas.HotelDAOTest" name="testordenarHotelesPorF" time="0.017" />

      <testcase classname="edu.uag.iidis.scec.pruebas.HotelDAOTest" name="testActualizarHotelF" time="0.04">
          <error message="org.hibernate.exception.ConstraintViolationException: Duplicate key or integrity constraint violation,  message from server: &quot;Duplicate entry &apos;003&apos; for key &apos;Nombre&apos;&quot;" type="edu.uag.iidis.scec.excepciones.ExcepcionInfraestructura">edu.uag.iidis.scec.excepciones.ExcepcionInfraestructura: org.hibernate.exception.ConstraintViolationException: Duplicate key or integrity constraint violation,  message from server: &quot;Duplicate entry &apos;003&apos; for key &apos;Nombre&apos;&quot;
	at edu.uag.iidis.scec.persistencia.hibernate.HibernateUtil.commitTransaction(HibernateUtil.java:275)
	at edu.uag.iidis.scec.pruebas.HotelDAOTest.testActualizarHotelF(HotelDAOTest.java:123)
	at junit.extensions.TestDecorator.basicRun(TestDecorator.java:22)
	at junit.extensions.TestSetup$1.protect(TestSetup.java:19)
	at junit.extensions.TestSetup.run(TestSetup.java:23)
Caused by: org.hibernate.exception.ConstraintViolationException: Duplicate key or integrity constraint violation,  message from server: &quot;Duplicate entry &apos;003&apos; for key &apos;Nombre&apos;&quot;
	at org.hibernate.exception.internal.SQLStateConverter.convert(SQLStateConverter.java:104)
	at org.hibernate.engine.jdbc.spi.SqlExceptionHelper.convert(SqlExceptionHelper.java:125)
	at org.hibernate.engine.jdbc.spi.SqlExceptionHelper.convert(SqlExceptionHelper.java:110)
	at org.hibernate.engine.jdbc.internal.proxy.AbstractStatementProxyHandler.continueInvocation(AbstractStatementProxyHandler.java:129)
	at org.hibernate.engine.jdbc.internal.proxy.AbstractProxyHandler.invoke(AbstractProxyHandler.java:81)
	at com.sun.proxy.$Proxy3.executeUpdate(Unknown Source)
	at org.hibernate.engine.jdbc.batch.internal.NonBatchingBatch.addToBatch(NonBatchingBatch.java:56)
	at org.hibernate.persister.entity.AbstractEntityPersister.insert(AbstractEntityPersister.java:2849)
	at org.hibernate.persister.entity.AbstractEntityPersister.insert(AbstractEntityPersister.java:3290)
	at org.hibernate.action.internal.EntityInsertAction.execute(EntityInsertAction.java:80)
	at org.hibernate.engine.spi.ActionQueue.execute(ActionQueue.java:273)
	at org.hibernate.engine.spi.ActionQueue.executeActions(ActionQueue.java:265)
	at org.hibernate.engine.spi.ActionQueue.executeActions(ActionQueue.java:186)
	at org.hibernate.event.internal.AbstractFlushingEventListener.performExecutions(AbstractFlushingEventListener.java:323)
	at org.hibernate.event.internal.DefaultFlushEventListener.onFlush(DefaultFlushEventListener.java:52)
	at org.hibernate.internal.SessionImpl.flush(SessionImpl.java:1081)
	at org.hibernate.internal.SessionImpl.managedFlush(SessionImpl.java:315)
	at org.hibernate.engine.transaction.internal.jdbc.JdbcTransaction.beforeTransactionCommit(JdbcTransaction.java:101)
	at org.hibernate.engine.transaction.spi.AbstractTransactionImpl.commit(AbstractTransactionImpl.java:175)
	at edu.uag.iidis.scec.persistencia.hibernate.HibernateUtil.commitTransaction(HibernateUtil.java:266)
Caused by: java.sql.SQLException: Duplicate key or integrity constraint violation,  message from server: &quot;Duplicate entry &apos;003&apos; for key &apos;Nombre&apos;&quot;
	at com.mysql.jdbc.MysqlIO.checkErrorPacket(MysqlIO.java:1977)
	at com.mysql.jdbc.MysqlIO.sendCommand(MysqlIO.java:1163)
	at com.mysql.jdbc.MysqlIO.sqlQueryDirect(MysqlIO.java:1272)
	at com.mysql.jdbc.Connection.execSQL(Connection.java:2236)
	at com.mysql.jdbc.PreparedStatement.executeUpdate(PreparedStatement.java:1741)
	at com.mysql.jdbc.PreparedStatement.executeUpdate(PreparedStatement.java:1588)
	at org.hibernate.engine.jdbc.internal.proxy.AbstractStatementProxyHandler.continueInvocation(AbstractStatementProxyHandler.java:122)
</error>

      </testcase>

      <testcase classname="edu.uag.iidis.scec.pruebas.HotelDAOTest" name="testordenarHotelesPorE" time="0.035">
          <error message="org.hibernate.exception.ConstraintViolationException: Duplicate key or integrity constraint violation,  message from server: &quot;Duplicate entry &apos;003&apos; for key &apos;Nombre&apos;&quot;" type="edu.uag.iidis.scec.excepciones.ExcepcionInfraestructura">edu.uag.iidis.scec.excepciones.ExcepcionInfraestructura: org.hibernate.exception.ConstraintViolationException: Duplicate key or integrity constraint violation,  message from server: &quot;Duplicate entry &apos;003&apos; for key &apos;Nombre&apos;&quot;
	at edu.uag.iidis.scec.persistencia.HotelDAO.ordenarHotelesPor(HotelDAO.java:121)
	at edu.uag.iidis.scec.pruebas.HotelDAOTest.testordenarHotelesPorE(HotelDAOTest.java:272)
	at junit.extensions.TestDecorator.basicRun(TestDecorator.java:22)
	at junit.extensions.TestSetup$1.protect(TestSetup.java:19)
	at junit.extensions.TestSetup.run(TestSetup.java:23)
Caused by: org.hibernate.exception.ConstraintViolationException: Duplicate key or integrity constraint violation,  message from server: &quot;Duplicate entry &apos;003&apos; for key &apos;Nombre&apos;&quot;
	at org.hibernate.exception.internal.SQLStateConverter.convert(SQLStateConverter.java:104)
	at org.hibernate.engine.jdbc.spi.SqlExceptionHelper.convert(SqlExceptionHelper.java:125)
	at org.hibernate.engine.jdbc.spi.SqlExceptionHelper.convert(SqlExceptionHelper.java:110)
	at org.hibernate.engine.jdbc.internal.proxy.AbstractStatementProxyHandler.continueInvocation(AbstractStatementProxyHandler.java:129)
	at org.hibernate.engine.jdbc.internal.proxy.AbstractProxyHandler.invoke(AbstractProxyHandler.java:81)
	at com.sun.proxy.$Proxy3.executeUpdate(Unknown Source)
	at org.hibernate.engine.jdbc.batch.internal.NonBatchingBatch.addToBatch(NonBatchingBatch.java:56)
	at org.hibernate.persister.entity.AbstractEntityPersister.insert(AbstractEntityPersister.java:2849)
	at org.hibernate.persister.entity.AbstractEntityPersister.insert(AbstractEntityPersister.java:3290)
	at org.hibernate.action.internal.EntityInsertAction.execute(EntityInsertAction.java:80)
	at org.hibernate.engine.spi.ActionQueue.execute(ActionQueue.java:273)
	at org.hibernate.engine.spi.ActionQueue.executeActions(ActionQueue.java:265)
	at org.hibernate.engine.spi.ActionQueue.executeActions(ActionQueue.java:186)
	at org.hibernate.event.internal.AbstractFlushingEventListener.performExecutions(AbstractFlushingEventListener.java:323)
	at org.hibernate.event.internal.DefaultAutoFlushEventListener.onAutoFlush(DefaultAutoFlushEventListener.java:59)
	at org.hibernate.internal.SessionImpl.autoFlushIfRequired(SessionImpl.java:1053)
	at org.hibernate.internal.SessionImpl.list(SessionImpl.java:1108)
	at org.hibernate.internal.QueryImpl.list(QueryImpl.java:101)
	at edu.uag.iidis.scec.persistencia.HotelDAO.ordenarHotelesPor(HotelDAO.java:107)
Caused by: java.sql.SQLException: Duplicate key or integrity constraint violation,  message from server: &quot;Duplicate entry &apos;003&apos; for key &apos;Nombre&apos;&quot;
	at com.mysql.jdbc.MysqlIO.checkErrorPacket(MysqlIO.java:1977)
	at com.mysql.jdbc.MysqlIO.sendCommand(MysqlIO.java:1163)
	at com.mysql.jdbc.MysqlIO.sqlQueryDirect(MysqlIO.java:1272)
	at com.mysql.jdbc.Connection.execSQL(Connection.java:2236)
	at com.mysql.jdbc.PreparedStatement.executeUpdate(PreparedStatement.java:1741)
	at com.mysql.jdbc.PreparedStatement.executeUpdate(PreparedStatement.java:1588)
	at org.hibernate.engine.jdbc.internal.proxy.AbstractStatementProxyHandler.continueInvocation(AbstractStatementProxyHandler.java:122)
</error>

      </testcase>

      <testcase classname="edu.uag.iidis.scec.pruebas.HotelDAOTest" name="testBuscarTodosE" time="0.005" />

      <testcase classname="edu.uag.iidis.scec.pruebas.HotelDAOTest" name="testBuscarTodosF" time="0.006">
          <failure message="La busqueda fallo" type="junit.framework.AssertionFailedError">junit.framework.AssertionFailedError: La busqueda fallo
	at edu.uag.iidis.scec.pruebas.HotelDAOTest.testBuscarTodosF(HotelDAOTest.java:165)
	at junit.extensions.TestDecorator.basicRun(TestDecorator.java:22)
	at junit.extensions.TestSetup$1.protect(TestSetup.java:19)
	at junit.extensions.TestSetup.run(TestSetup.java:23)
</failure>

      </testcase>

      <testcase classname="edu.uag.iidis.scec.pruebas.HotelDAOTest" name="testCrearHotelE" time="0.087">
          <error message="org.hibernate.exception.ConstraintViolationException: Duplicate key or integrity constraint violation,  message from server: &quot;Duplicate entry &apos;003&apos; for key &apos;Nombre&apos;&quot;" type="edu.uag.iidis.scec.excepciones.ExcepcionInfraestructura">edu.uag.iidis.scec.excepciones.ExcepcionInfraestructura: org.hibernate.exception.ConstraintViolationException: Duplicate key or integrity constraint violation,  message from server: &quot;Duplicate entry &apos;003&apos; for key &apos;Nombre&apos;&quot;
	at edu.uag.iidis.scec.persistencia.hibernate.HibernateUtil.commitTransaction(HibernateUtil.java:275)
	at edu.uag.iidis.scec.pruebas.HotelDAOTest.testCrearHotelE(HotelDAOTest.java:38)
	at junit.extensions.TestDecorator.basicRun(TestDecorator.java:22)
	at junit.extensions.TestSetup$1.protect(TestSetup.java:19)
	at junit.extensions.TestSetup.run(TestSetup.java:23)
Caused by: org.hibernate.exception.ConstraintViolationException: Duplicate key or integrity constraint violation,  message from server: &quot;Duplicate entry &apos;003&apos; for key &apos;Nombre&apos;&quot;
	at org.hibernate.exception.internal.SQLStateConverter.convert(SQLStateConverter.java:104)
	at org.hibernate.engine.jdbc.spi.SqlExceptionHelper.convert(SqlExceptionHelper.java:125)
	at org.hibernate.engine.jdbc.spi.SqlExceptionHelper.convert(SqlExceptionHelper.java:110)
	at org.hibernate.engine.jdbc.internal.proxy.AbstractStatementProxyHandler.continueInvocation(AbstractStatementProxyHandler.java:129)
	at org.hibernate.engine.jdbc.internal.proxy.AbstractProxyHandler.invoke(AbstractProxyHandler.java:81)
	at com.sun.proxy.$Proxy3.executeUpdate(Unknown Source)
	at org.hibernate.engine.jdbc.batch.internal.NonBatchingBatch.addToBatch(NonBatchingBatch.java:56)
	at org.hibernate.persister.entity.AbstractEntityPersister.insert(AbstractEntityPersister.java:2849)
	at org.hibernate.persister.entity.AbstractEntityPersister.insert(AbstractEntityPersister.java:3290)
	at org.hibernate.action.internal.EntityInsertAction.execute(EntityInsertAction.java:80)
	at org.hibernate.engine.spi.ActionQueue.execute(ActionQueue.java:273)
	at org.hibernate.engine.spi.ActionQueue.executeActions(ActionQueue.java:265)
	at org.hibernate.engine.spi.ActionQueue.executeActions(ActionQueue.java:186)
	at org.hibernate.event.internal.AbstractFlushingEventListener.performExecutions(AbstractFlushingEventListener.java:323)
	at org.hibernate.event.internal.DefaultFlushEventListener.onFlush(DefaultFlushEventListener.java:52)
	at org.hibernate.internal.SessionImpl.flush(SessionImpl.java:1081)
	at org.hibernate.internal.SessionImpl.managedFlush(SessionImpl.java:315)
	at org.hibernate.engine.transaction.internal.jdbc.JdbcTransaction.beforeTransactionCommit(JdbcTransaction.java:101)
	at org.hibernate.engine.transaction.spi.AbstractTransactionImpl.commit(AbstractTransactionImpl.java:175)
	at edu.uag.iidis.scec.persistencia.hibernate.HibernateUtil.commitTransaction(HibernateUtil.java:266)
Caused by: java.sql.SQLException: Duplicate key or integrity constraint violation,  message from server: &quot;Duplicate entry &apos;003&apos; for key &apos;Nombre&apos;&quot;
	at com.mysql.jdbc.MysqlIO.checkErrorPacket(MysqlIO.java:1977)
	at com.mysql.jdbc.MysqlIO.sendCommand(MysqlIO.java:1163)
	at com.mysql.jdbc.MysqlIO.sqlQueryDirect(MysqlIO.java:1272)
	at com.mysql.jdbc.Connection.execSQL(Connection.java:2236)
	at com.mysql.jdbc.PreparedStatement.executeUpdate(PreparedStatement.java:1741)
	at com.mysql.jdbc.PreparedStatement.executeUpdate(PreparedStatement.java:1588)
	at org.hibernate.engine.jdbc.internal.proxy.AbstractStatementProxyHandler.continueInvocation(AbstractStatementProxyHandler.java:122)
</error>

      </testcase>

      <testcase classname="edu.uag.iidis.scec.pruebas.HotelDAOTest" name="testExisteHotelE" time="0.009" />

      <testcase classname="edu.uag.iidis.scec.pruebas.HotelDAOTest" name="testCrearHotelF" time="0.166">
          <error message="org.hibernate.exception.ConstraintViolationException: Duplicate key or integrity constraint violation,  message from server: &quot;Duplicate entry &apos;003&apos; for key &apos;Nombre&apos;&quot;" type="edu.uag.iidis.scec.excepciones.ExcepcionInfraestructura">edu.uag.iidis.scec.excepciones.ExcepcionInfraestructura: org.hibernate.exception.ConstraintViolationException: Duplicate key or integrity constraint violation,  message from server: &quot;Duplicate entry &apos;003&apos; for key &apos;Nombre&apos;&quot;
	at edu.uag.iidis.scec.persistencia.hibernate.HibernateUtil.commitTransaction(HibernateUtil.java:275)
	at edu.uag.iidis.scec.pruebas.HotelDAOTest.testCrearHotelF(HotelDAOTest.java:66)
	at junit.extensions.TestDecorator.basicRun(TestDecorator.java:22)
	at junit.extensions.TestSetup$1.protect(TestSetup.java:19)
	at junit.extensions.TestSetup.run(TestSetup.java:23)
Caused by: org.hibernate.exception.ConstraintViolationException: Duplicate key or integrity constraint violation,  message from server: &quot;Duplicate entry &apos;003&apos; for key &apos;Nombre&apos;&quot;
	at org.hibernate.exception.internal.SQLStateConverter.convert(SQLStateConverter.java:104)
	at org.hibernate.engine.jdbc.spi.SqlExceptionHelper.convert(SqlExceptionHelper.java:125)
	at org.hibernate.engine.jdbc.spi.SqlExceptionHelper.convert(SqlExceptionHelper.java:110)
	at org.hibernate.engine.jdbc.internal.proxy.AbstractStatementProxyHandler.continueInvocation(AbstractStatementProxyHandler.java:129)
	at org.hibernate.engine.jdbc.internal.proxy.AbstractProxyHandler.invoke(AbstractProxyHandler.java:81)
	at com.sun.proxy.$Proxy3.executeUpdate(Unknown Source)
	at org.hibernate.engine.jdbc.batch.internal.NonBatchingBatch.addToBatch(NonBatchingBatch.java:56)
	at org.hibernate.persister.entity.AbstractEntityPersister.insert(AbstractEntityPersister.java:2849)
	at org.hibernate.persister.entity.AbstractEntityPersister.insert(AbstractEntityPersister.java:3290)
	at org.hibernate.action.internal.EntityInsertAction.execute(EntityInsertAction.java:80)
	at org.hibernate.engine.spi.ActionQueue.execute(ActionQueue.java:273)
	at org.hibernate.engine.spi.ActionQueue.executeActions(ActionQueue.java:265)
	at org.hibernate.engine.spi.ActionQueue.executeActions(ActionQueue.java:186)
	at org.hibernate.event.internal.AbstractFlushingEventListener.performExecutions(AbstractFlushingEventListener.java:323)
	at org.hibernate.event.internal.DefaultFlushEventListener.onFlush(DefaultFlushEventListener.java:52)
	at org.hibernate.internal.SessionImpl.flush(SessionImpl.java:1081)
	at org.hibernate.internal.SessionImpl.managedFlush(SessionImpl.java:315)
	at org.hibernate.engine.transaction.internal.jdbc.JdbcTransaction.beforeTransactionCommit(JdbcTransaction.java:101)
	at org.hibernate.engine.transaction.spi.AbstractTransactionImpl.commit(AbstractTransactionImpl.java:175)
	at edu.uag.iidis.scec.persistencia.hibernate.HibernateUtil.commitTransaction(HibernateUtil.java:266)
Caused by: java.sql.SQLException: Duplicate key or integrity constraint violation,  message from server: &quot;Duplicate entry &apos;003&apos; for key &apos;Nombre&apos;&quot;
	at com.mysql.jdbc.MysqlIO.checkErrorPacket(MysqlIO.java:1977)
	at com.mysql.jdbc.MysqlIO.sendCommand(MysqlIO.java:1163)
	at com.mysql.jdbc.MysqlIO.sqlQueryDirect(MysqlIO.java:1272)
	at com.mysql.jdbc.Connection.execSQL(Connection.java:2236)
	at com.mysql.jdbc.PreparedStatement.executeUpdate(PreparedStatement.java:1741)
	at com.mysql.jdbc.PreparedStatement.executeUpdate(PreparedStatement.java:1588)
	at org.hibernate.engine.jdbc.internal.proxy.AbstractStatementProxyHandler.continueInvocation(AbstractStatementProxyHandler.java:122)
</error>

      </testcase>

      <testcase classname="edu.uag.iidis.scec.pruebas.HotelDAOTest" name="testExisteHotelF" time="0.01">
          <failure message="El hotel no se encuentra registrado" type="junit.framework.AssertionFailedError">junit.framework.AssertionFailedError: El hotel no se encuentra registrado
	at edu.uag.iidis.scec.pruebas.HotelDAOTest.testExisteHotelF(HotelDAOTest.java:204)
	at junit.extensions.TestDecorator.basicRun(TestDecorator.java:22)
	at junit.extensions.TestSetup$1.protect(TestSetup.java:19)
	at junit.extensions.TestSetup.run(TestSetup.java:23)
</failure>

      </testcase>

      <testcase classname="edu.uag.iidis.scec.pruebas.CriticaDAOTest" name="testCrearCriticaE" time="0.049">
          <error message="org.hibernate.exception.ConstraintViolationException: Duplicate key or integrity constraint violation,  message from server: &quot;Duplicate entry &apos;003&apos; for key &apos;Nombre&apos;&quot;" type="edu.uag.iidis.scec.excepciones.ExcepcionInfraestructura">edu.uag.iidis.scec.excepciones.ExcepcionInfraestructura: org.hibernate.exception.ConstraintViolationException: Duplicate key or integrity constraint violation,  message from server: &quot;Duplicate entry &apos;003&apos; for key &apos;Nombre&apos;&quot;
	at edu.uag.iidis.scec.persistencia.hibernate.HibernateUtil.commitTransaction(HibernateUtil.java:275)
	at edu.uag.iidis.scec.pruebas.CriticaDAOTest.testCrearCriticaE(CriticaDAOTest.java:35)
	at junit.extensions.TestDecorator.basicRun(TestDecorator.java:22)
	at junit.extensions.TestSetup$1.protect(TestSetup.java:19)
	at junit.extensions.TestSetup.run(TestSetup.java:23)
Caused by: org.hibernate.exception.ConstraintViolationException: Duplicate key or integrity constraint violation,  message from server: &quot;Duplicate entry &apos;003&apos; for key &apos;Nombre&apos;&quot;
	at org.hibernate.exception.internal.SQLStateConverter.convert(SQLStateConverter.java:104)
	at org.hibernate.engine.jdbc.spi.SqlExceptionHelper.convert(SqlExceptionHelper.java:125)
	at org.hibernate.engine.jdbc.spi.SqlExceptionHelper.convert(SqlExceptionHelper.java:110)
	at org.hibernate.engine.jdbc.internal.proxy.AbstractStatementProxyHandler.continueInvocation(AbstractStatementProxyHandler.java:129)
	at org.hibernate.engine.jdbc.internal.proxy.AbstractProxyHandler.invoke(AbstractProxyHandler.java:81)
	at com.sun.proxy.$Proxy3.executeUpdate(Unknown Source)
	at org.hibernate.engine.jdbc.batch.internal.NonBatchingBatch.addToBatch(NonBatchingBatch.java:56)
	at org.hibernate.persister.entity.AbstractEntityPersister.insert(AbstractEntityPersister.java:2849)
	at org.hibernate.persister.entity.AbstractEntityPersister.insert(AbstractEntityPersister.java:3290)
	at org.hibernate.action.internal.EntityInsertAction.execute(EntityInsertAction.java:80)
	at org.hibernate.engine.spi.ActionQueue.execute(ActionQueue.java:273)
	at org.hibernate.engine.spi.ActionQueue.executeActions(ActionQueue.java:265)
	at org.hibernate.engine.spi.ActionQueue.executeActions(ActionQueue.java:186)
	at org.hibernate.event.internal.AbstractFlushingEventListener.performExecutions(AbstractFlushingEventListener.java:323)
	at org.hibernate.event.internal.DefaultFlushEventListener.onFlush(DefaultFlushEventListener.java:52)
	at org.hibernate.internal.SessionImpl.flush(SessionImpl.java:1081)
	at org.hibernate.internal.SessionImpl.managedFlush(SessionImpl.java:315)
	at org.hibernate.engine.transaction.internal.jdbc.JdbcTransaction.beforeTransactionCommit(JdbcTransaction.java:101)
	at org.hibernate.engine.transaction.spi.AbstractTransactionImpl.commit(AbstractTransactionImpl.java:175)
	at edu.uag.iidis.scec.persistencia.hibernate.HibernateUtil.commitTransaction(HibernateUtil.java:266)
Caused by: java.sql.SQLException: Duplicate key or integrity constraint violation,  message from server: &quot;Duplicate entry &apos;003&apos; for key &apos;Nombre&apos;&quot;
	at com.mysql.jdbc.MysqlIO.checkErrorPacket(MysqlIO.java:1977)
	at com.mysql.jdbc.MysqlIO.sendCommand(MysqlIO.java:1163)
	at com.mysql.jdbc.MysqlIO.sqlQueryDirect(MysqlIO.java:1272)
	at com.mysql.jdbc.Connection.execSQL(Connection.java:2236)
	at com.mysql.jdbc.PreparedStatement.executeUpdate(PreparedStatement.java:1741)
	at com.mysql.jdbc.PreparedStatement.executeUpdate(PreparedStatement.java:1588)
	at org.hibernate.engine.jdbc.internal.proxy.AbstractStatementProxyHandler.continueInvocation(AbstractStatementProxyHandler.java:122)
</error>

      </testcase>

      <testcase classname="edu.uag.iidis.scec.pruebas.CriticaDAOTest" name="testCrearCriticaF" time="0.031">
          <error message="org.hibernate.exception.ConstraintViolationException: Duplicate key or integrity constraint violation,  message from server: &quot;Duplicate entry &apos;003&apos; for key &apos;Nombre&apos;&quot;" type="edu.uag.iidis.scec.excepciones.ExcepcionInfraestructura">edu.uag.iidis.scec.excepciones.ExcepcionInfraestructura: org.hibernate.exception.ConstraintViolationException: Duplicate key or integrity constraint violation,  message from server: &quot;Duplicate entry &apos;003&apos; for key &apos;Nombre&apos;&quot;
	at edu.uag.iidis.scec.persistencia.hibernate.HibernateUtil.commitTransaction(HibernateUtil.java:275)
	at edu.uag.iidis.scec.pruebas.CriticaDAOTest.testCrearCriticaF(CriticaDAOTest.java:60)
	at junit.extensions.TestDecorator.basicRun(TestDecorator.java:22)
	at junit.extensions.TestSetup$1.protect(TestSetup.java:19)
	at junit.extensions.TestSetup.run(TestSetup.java:23)
Caused by: org.hibernate.exception.ConstraintViolationException: Duplicate key or integrity constraint violation,  message from server: &quot;Duplicate entry &apos;003&apos; for key &apos;Nombre&apos;&quot;
	at org.hibernate.exception.internal.SQLStateConverter.convert(SQLStateConverter.java:104)
	at org.hibernate.engine.jdbc.spi.SqlExceptionHelper.convert(SqlExceptionHelper.java:125)
	at org.hibernate.engine.jdbc.spi.SqlExceptionHelper.convert(SqlExceptionHelper.java:110)
	at org.hibernate.engine.jdbc.internal.proxy.AbstractStatementProxyHandler.continueInvocation(AbstractStatementProxyHandler.java:129)
	at org.hibernate.engine.jdbc.internal.proxy.AbstractProxyHandler.invoke(AbstractProxyHandler.java:81)
	at com.sun.proxy.$Proxy3.executeUpdate(Unknown Source)
	at org.hibernate.engine.jdbc.batch.internal.NonBatchingBatch.addToBatch(NonBatchingBatch.java:56)
	at org.hibernate.persister.entity.AbstractEntityPersister.insert(AbstractEntityPersister.java:2849)
	at org.hibernate.persister.entity.AbstractEntityPersister.insert(AbstractEntityPersister.java:3290)
	at org.hibernate.action.internal.EntityInsertAction.execute(EntityInsertAction.java:80)
	at org.hibernate.engine.spi.ActionQueue.execute(ActionQueue.java:273)
	at org.hibernate.engine.spi.ActionQueue.executeActions(ActionQueue.java:265)
	at org.hibernate.engine.spi.ActionQueue.executeActions(ActionQueue.java:186)
	at org.hibernate.event.internal.AbstractFlushingEventListener.performExecutions(AbstractFlushingEventListener.java:323)
	at org.hibernate.event.internal.DefaultFlushEventListener.onFlush(DefaultFlushEventListener.java:52)
	at org.hibernate.internal.SessionImpl.flush(SessionImpl.java:1081)
	at org.hibernate.internal.SessionImpl.managedFlush(SessionImpl.java:315)
	at org.hibernate.engine.transaction.internal.jdbc.JdbcTransaction.beforeTransactionCommit(JdbcTransaction.java:101)
	at org.hibernate.engine.transaction.spi.AbstractTransactionImpl.commit(AbstractTransactionImpl.java:175)
	at edu.uag.iidis.scec.persistencia.hibernate.HibernateUtil.commitTransaction(HibernateUtil.java:266)
Caused by: java.sql.SQLException: Duplicate key or integrity constraint violation,  message from server: &quot;Duplicate entry &apos;003&apos; for key &apos;Nombre&apos;&quot;
	at com.mysql.jdbc.MysqlIO.checkErrorPacket(MysqlIO.java:1977)
	at com.mysql.jdbc.MysqlIO.sendCommand(MysqlIO.java:1163)
	at com.mysql.jdbc.MysqlIO.sqlQueryDirect(MysqlIO.java:1272)
	at com.mysql.jdbc.Connection.execSQL(Connection.java:2236)
	at com.mysql.jdbc.PreparedStatement.executeUpdate(PreparedStatement.java:1741)
	at com.mysql.jdbc.PreparedStatement.executeUpdate(PreparedStatement.java:1588)
	at org.hibernate.engine.jdbc.internal.proxy.AbstractStatementProxyHandler.continueInvocation(AbstractStatementProxyHandler.java:122)
</error>

      </testcase>

      <testcase classname="edu.uag.iidis.scec.pruebas.CriticaDAOTest" name="testActualizarCriticaE" time="0.034">
          <error message="org.hibernate.exception.ConstraintViolationException: Duplicate key or integrity constraint violation,  message from server: &quot;Duplicate entry &apos;003&apos; for key &apos;Nombre&apos;&quot;" type="edu.uag.iidis.scec.excepciones.ExcepcionInfraestructura">edu.uag.iidis.scec.excepciones.ExcepcionInfraestructura: org.hibernate.exception.ConstraintViolationException: Duplicate key or integrity constraint violation,  message from server: &quot;Duplicate entry &apos;003&apos; for key &apos;Nombre&apos;&quot;
	at edu.uag.iidis.scec.persistencia.hibernate.HibernateUtil.commitTransaction(HibernateUtil.java:275)
	at edu.uag.iidis.scec.pruebas.CriticaDAOTest.testActualizarCriticaE(CriticaDAOTest.java:84)
	at junit.extensions.TestDecorator.basicRun(TestDecorator.java:22)
	at junit.extensions.TestSetup$1.protect(TestSetup.java:19)
	at junit.extensions.TestSetup.run(TestSetup.java:23)
Caused by: org.hibernate.exception.ConstraintViolationException: Duplicate key or integrity constraint violation,  message from server: &quot;Duplicate entry &apos;003&apos; for key &apos;Nombre&apos;&quot;
	at org.hibernate.exception.internal.SQLStateConverter.convert(SQLStateConverter.java:104)
	at org.hibernate.engine.jdbc.spi.SqlExceptionHelper.convert(SqlExceptionHelper.java:125)
	at org.hibernate.engine.jdbc.spi.SqlExceptionHelper.convert(SqlExceptionHelper.java:110)
	at org.hibernate.engine.jdbc.internal.proxy.AbstractStatementProxyHandler.continueInvocation(AbstractStatementProxyHandler.java:129)
	at org.hibernate.engine.jdbc.internal.proxy.AbstractProxyHandler.invoke(AbstractProxyHandler.java:81)
	at com.sun.proxy.$Proxy3.executeUpdate(Unknown Source)
	at org.hibernate.engine.jdbc.batch.internal.NonBatchingBatch.addToBatch(NonBatchingBatch.java:56)
	at org.hibernate.persister.entity.AbstractEntityPersister.insert(AbstractEntityPersister.java:2849)
	at org.hibernate.persister.entity.AbstractEntityPersister.insert(AbstractEntityPersister.java:3290)
	at org.hibernate.action.internal.EntityInsertAction.execute(EntityInsertAction.java:80)
	at org.hibernate.engine.spi.ActionQueue.execute(ActionQueue.java:273)
	at org.hibernate.engine.spi.ActionQueue.executeActions(ActionQueue.java:265)
	at org.hibernate.engine.spi.ActionQueue.executeActions(ActionQueue.java:186)
	at org.hibernate.event.internal.AbstractFlushingEventListener.performExecutions(AbstractFlushingEventListener.java:323)
	at org.hibernate.event.internal.DefaultFlushEventListener.onFlush(DefaultFlushEventListener.java:52)
	at org.hibernate.internal.SessionImpl.flush(SessionImpl.java:1081)
	at org.hibernate.internal.SessionImpl.managedFlush(SessionImpl.java:315)
	at org.hibernate.engine.transaction.internal.jdbc.JdbcTransaction.beforeTransactionCommit(JdbcTransaction.java:101)
	at org.hibernate.engine.transaction.spi.AbstractTransactionImpl.commit(AbstractTransactionImpl.java:175)
	at edu.uag.iidis.scec.persistencia.hibernate.HibernateUtil.commitTransaction(HibernateUtil.java:266)
Caused by: java.sql.SQLException: Duplicate key or integrity constraint violation,  message from server: &quot;Duplicate entry &apos;003&apos; for key &apos;Nombre&apos;&quot;
	at com.mysql.jdbc.MysqlIO.checkErrorPacket(MysqlIO.java:1977)
	at com.mysql.jdbc.MysqlIO.sendCommand(MysqlIO.java:1163)
	at com.mysql.jdbc.MysqlIO.sqlQueryDirect(MysqlIO.java:1272)
	at com.mysql.jdbc.Connection.execSQL(Connection.java:2236)
	at com.mysql.jdbc.PreparedStatement.executeUpdate(PreparedStatement.java:1741)
	at com.mysql.jdbc.PreparedStatement.executeUpdate(PreparedStatement.java:1588)
	at org.hibernate.engine.jdbc.internal.proxy.AbstractStatementProxyHandler.continueInvocation(AbstractStatementProxyHandler.java:122)
</error>

      </testcase>

      <testcase classname="edu.uag.iidis.scec.pruebas.CriticaDAOTest" name="testExisteCriticaE" time="0.007" />

      <testcase classname="edu.uag.iidis.scec.pruebas.CriticaDAOTest" name="testEliminarCriticaE" time="0.005">
          <error message="org.hibernate.ObjectNotFoundException: No row with the given identifier exists: [edu.uag.iidis.scec.modelo.Critica#1]" type="edu.uag.iidis.scec.excepciones.ExcepcionInfraestructura">edu.uag.iidis.scec.excepciones.ExcepcionInfraestructura: org.hibernate.ObjectNotFoundException: No row with the given identifier exists: [edu.uag.iidis.scec.modelo.Critica#1]
	at edu.uag.iidis.scec.persistencia.CriticaDAO.buscarPorId(CriticaDAO.java:52)
	at edu.uag.iidis.scec.pruebas.CriticaDAOTest.testEliminarCriticaE(CriticaDAOTest.java:207)
	at junit.extensions.TestDecorator.basicRun(TestDecorator.java:22)
	at junit.extensions.TestSetup$1.protect(TestSetup.java:19)
	at junit.extensions.TestSetup.run(TestSetup.java:23)
Caused by: org.hibernate.ObjectNotFoundException: No row with the given identifier exists: [edu.uag.iidis.scec.modelo.Critica#1]
	at org.hibernate.internal.SessionFactoryImpl$1$1.handleEntityNotFound(SessionFactoryImpl.java:237)
	at org.hibernate.event.internal.DefaultLoadEventListener.load(DefaultLoadEventListener.java:210)
	at org.hibernate.event.internal.DefaultLoadEventListener.lockAndLoad(DefaultLoadEventListener.java:361)
	at org.hibernate.event.internal.DefaultLoadEventListener.onLoad(DefaultLoadEventListener.java:151)
	at org.hibernate.internal.SessionImpl.fireLoad(SessionImpl.java:954)
	at org.hibernate.internal.SessionImpl.load(SessionImpl.java:920)
	at org.hibernate.internal.SessionImpl.load(SessionImpl.java:911)
	at edu.uag.iidis.scec.persistencia.CriticaDAO.buscarPorId(CriticaDAO.java:39)
</error>

      </testcase>

      <testcase classname="edu.uag.iidis.scec.pruebas.CriticaDAOTest" name="testordenarCriticaesPorF" time="0.009" />

      <testcase classname="edu.uag.iidis.scec.pruebas.CriticaDAOTest" name="testExisteCriticaF" time="0.005">
          <failure message="El Critica no se encuentra registrado" type="junit.framework.AssertionFailedError">junit.framework.AssertionFailedError: El Critica no se encuentra registrado
	at edu.uag.iidis.scec.pruebas.CriticaDAOTest.testExisteCriticaF(CriticaDAOTest.java:189)
	at junit.extensions.TestDecorator.basicRun(TestDecorator.java:22)
	at junit.extensions.TestSetup$1.protect(TestSetup.java:19)
	at junit.extensions.TestSetup.run(TestSetup.java:23)
</failure>

      </testcase>

      <testcase classname="edu.uag.iidis.scec.pruebas.CriticaDAOTest" name="testActualizarCriticaF" time="0.038">
          <error message="org.hibernate.exception.ConstraintViolationException: Duplicate key or integrity constraint violation,  message from server: &quot;Duplicate entry &apos;003&apos; for key &apos;Nombre&apos;&quot;" type="edu.uag.iidis.scec.excepciones.ExcepcionInfraestructura">edu.uag.iidis.scec.excepciones.ExcepcionInfraestructura: org.hibernate.exception.ConstraintViolationException: Duplicate key or integrity constraint violation,  message from server: &quot;Duplicate entry &apos;003&apos; for key &apos;Nombre&apos;&quot;
	at edu.uag.iidis.scec.persistencia.hibernate.HibernateUtil.commitTransaction(HibernateUtil.java:275)
	at edu.uag.iidis.scec.pruebas.CriticaDAOTest.testActualizarCriticaF(CriticaDAOTest.java:109)
	at junit.extensions.TestDecorator.basicRun(TestDecorator.java:22)
	at junit.extensions.TestSetup$1.protect(TestSetup.java:19)
	at junit.extensions.TestSetup.run(TestSetup.java:23)
Caused by: org.hibernate.exception.ConstraintViolationException: Duplicate key or integrity constraint violation,  message from server: &quot;Duplicate entry &apos;003&apos; for key &apos;Nombre&apos;&quot;
	at org.hibernate.exception.internal.SQLStateConverter.convert(SQLStateConverter.java:104)
	at org.hibernate.engine.jdbc.spi.SqlExceptionHelper.convert(SqlExceptionHelper.java:125)
	at org.hibernate.engine.jdbc.spi.SqlExceptionHelper.convert(SqlExceptionHelper.java:110)
	at org.hibernate.engine.jdbc.internal.proxy.AbstractStatementProxyHandler.continueInvocation(AbstractStatementProxyHandler.java:129)
	at org.hibernate.engine.jdbc.internal.proxy.AbstractProxyHandler.invoke(AbstractProxyHandler.java:81)
	at com.sun.proxy.$Proxy3.executeUpdate(Unknown Source)
	at org.hibernate.engine.jdbc.batch.internal.NonBatchingBatch.addToBatch(NonBatchingBatch.java:56)
	at org.hibernate.persister.entity.AbstractEntityPersister.insert(AbstractEntityPersister.java:2849)
	at org.hibernate.persister.entity.AbstractEntityPersister.insert(AbstractEntityPersister.java:3290)
	at org.hibernate.action.internal.EntityInsertAction.execute(EntityInsertAction.java:80)
	at org.hibernate.engine.spi.ActionQueue.execute(ActionQueue.java:273)
	at org.hibernate.engine.spi.ActionQueue.executeActions(ActionQueue.java:265)
	at org.hibernate.engine.spi.ActionQueue.executeActions(ActionQueue.java:186)
	at org.hibernate.event.internal.AbstractFlushingEventListener.performExecutions(AbstractFlushingEventListener.java:323)
	at org.hibernate.event.internal.DefaultFlushEventListener.onFlush(DefaultFlushEventListener.java:52)
	at org.hibernate.internal.SessionImpl.flush(SessionImpl.java:1081)
	at org.hibernate.internal.SessionImpl.managedFlush(SessionImpl.java:315)
	at org.hibernate.engine.transaction.internal.jdbc.JdbcTransaction.beforeTransactionCommit(JdbcTransaction.java:101)
	at org.hibernate.engine.transaction.spi.AbstractTransactionImpl.commit(AbstractTransactionImpl.java:175)
	at edu.uag.iidis.scec.persistencia.hibernate.HibernateUtil.commitTransaction(HibernateUtil.java:266)
Caused by: java.sql.SQLException: Duplicate key or integrity constraint violation,  message from server: &quot;Duplicate entry &apos;003&apos; for key &apos;Nombre&apos;&quot;
	at com.mysql.jdbc.MysqlIO.checkErrorPacket(MysqlIO.java:1977)
	at com.mysql.jdbc.MysqlIO.sendCommand(MysqlIO.java:1163)
	at com.mysql.jdbc.MysqlIO.sqlQueryDirect(MysqlIO.java:1272)
	at com.mysql.jdbc.Connection.execSQL(Connection.java:2236)
	at com.mysql.jdbc.PreparedStatement.executeUpdate(PreparedStatement.java:1741)
	at com.mysql.jdbc.PreparedStatement.executeUpdate(PreparedStatement.java:1588)
	at org.hibernate.engine.jdbc.internal.proxy.AbstractStatementProxyHandler.continueInvocation(AbstractStatementProxyHandler.java:122)
</error>

      </testcase>

      <testcase classname="edu.uag.iidis.scec.pruebas.CriticaDAOTest" name="testEliminarCriticaF" time="0.006">
          <error message="org.hibernate.ObjectNotFoundException: No row with the given identifier exists: [edu.uag.iidis.scec.modelo.Critica#1]" type="edu.uag.iidis.scec.excepciones.ExcepcionInfraestructura">edu.uag.iidis.scec.excepciones.ExcepcionInfraestructura: org.hibernate.ObjectNotFoundException: No row with the given identifier exists: [edu.uag.iidis.scec.modelo.Critica#1]
	at edu.uag.iidis.scec.persistencia.CriticaDAO.buscarPorId(CriticaDAO.java:52)
	at edu.uag.iidis.scec.pruebas.CriticaDAOTest.testEliminarCriticaF(CriticaDAOTest.java:229)
	at junit.extensions.TestDecorator.basicRun(TestDecorator.java:22)
	at junit.extensions.TestSetup$1.protect(TestSetup.java:19)
	at junit.extensions.TestSetup.run(TestSetup.java:23)
Caused by: org.hibernate.ObjectNotFoundException: No row with the given identifier exists: [edu.uag.iidis.scec.modelo.Critica#1]
	at org.hibernate.internal.SessionFactoryImpl$1$1.handleEntityNotFound(SessionFactoryImpl.java:237)
	at org.hibernate.event.internal.DefaultLoadEventListener.load(DefaultLoadEventListener.java:210)
	at org.hibernate.event.internal.DefaultLoadEventListener.lockAndLoad(DefaultLoadEventListener.java:361)
	at org.hibernate.event.internal.DefaultLoadEventListener.onLoad(DefaultLoadEventListener.java:151)
	at org.hibernate.internal.SessionImpl.fireLoad(SessionImpl.java:954)
	at org.hibernate.internal.SessionImpl.load(SessionImpl.java:920)
	at org.hibernate.internal.SessionImpl.load(SessionImpl.java:911)
	at edu.uag.iidis.scec.persistencia.CriticaDAO.buscarPorId(CriticaDAO.java:39)
</error>

      </testcase>

      <testcase classname="edu.uag.iidis.scec.pruebas.CriticaDAOTest" name="testordenarCriticaesPorE" time="0.039">
          <error message="org.hibernate.exception.ConstraintViolationException: Duplicate key or integrity constraint violation,  message from server: &quot;Duplicate entry &apos;003&apos; for key &apos;Nombre&apos;&quot;" type="edu.uag.iidis.scec.excepciones.ExcepcionInfraestructura">edu.uag.iidis.scec.excepciones.ExcepcionInfraestructura: org.hibernate.exception.ConstraintViolationException: Duplicate key or integrity constraint violation,  message from server: &quot;Duplicate entry &apos;003&apos; for key &apos;Nombre&apos;&quot;
	at edu.uag.iidis.scec.persistencia.CriticaDAO.ordenarCriticaesPor(CriticaDAO.java:88)
	at edu.uag.iidis.scec.pruebas.CriticaDAOTest.testordenarCriticaesPorE(CriticaDAOTest.java:254)
	at junit.extensions.TestDecorator.basicRun(TestDecorator.java:22)
	at junit.extensions.TestSetup$1.protect(TestSetup.java:19)
	at junit.extensions.TestSetup.run(TestSetup.java:23)
Caused by: org.hibernate.exception.ConstraintViolationException: Duplicate key or integrity constraint violation,  message from server: &quot;Duplicate entry &apos;003&apos; for key &apos;Nombre&apos;&quot;
	at org.hibernate.exception.internal.SQLStateConverter.convert(SQLStateConverter.java:104)
	at org.hibernate.engine.jdbc.spi.SqlExceptionHelper.convert(SqlExceptionHelper.java:125)
	at org.hibernate.engine.jdbc.spi.SqlExceptionHelper.convert(SqlExceptionHelper.java:110)
	at org.hibernate.engine.jdbc.internal.proxy.AbstractStatementProxyHandler.continueInvocation(AbstractStatementProxyHandler.java:129)
	at org.hibernate.engine.jdbc.internal.proxy.AbstractProxyHandler.invoke(AbstractProxyHandler.java:81)
	at com.sun.proxy.$Proxy3.executeUpdate(Unknown Source)
	at org.hibernate.engine.jdbc.batch.internal.NonBatchingBatch.addToBatch(NonBatchingBatch.java:56)
	at org.hibernate.persister.entity.AbstractEntityPersister.insert(AbstractEntityPersister.java:2849)
	at org.hibernate.persister.entity.AbstractEntityPersister.insert(AbstractEntityPersister.java:3290)
	at org.hibernate.action.internal.EntityInsertAction.execute(EntityInsertAction.java:80)
	at org.hibernate.engine.spi.ActionQueue.execute(ActionQueue.java:273)
	at org.hibernate.engine.spi.ActionQueue.executeActions(ActionQueue.java:265)
	at org.hibernate.engine.spi.ActionQueue.executeActions(ActionQueue.java:186)
	at org.hibernate.event.internal.AbstractFlushingEventListener.performExecutions(AbstractFlushingEventListener.java:323)
	at org.hibernate.event.internal.DefaultAutoFlushEventListener.onAutoFlush(DefaultAutoFlushEventListener.java:59)
	at org.hibernate.internal.SessionImpl.autoFlushIfRequired(SessionImpl.java:1053)
	at org.hibernate.internal.SessionImpl.list(SessionImpl.java:1108)
	at org.hibernate.internal.QueryImpl.list(QueryImpl.java:101)
	at edu.uag.iidis.scec.persistencia.CriticaDAO.ordenarCriticaesPor(CriticaDAO.java:74)
Caused by: java.sql.SQLException: Duplicate key or integrity constraint violation,  message from server: &quot;Duplicate entry &apos;003&apos; for key &apos;Nombre&apos;&quot;
	at com.mysql.jdbc.MysqlIO.checkErrorPacket(MysqlIO.java:1977)
	at com.mysql.jdbc.MysqlIO.sendCommand(MysqlIO.java:1163)
	at com.mysql.jdbc.MysqlIO.sqlQueryDirect(MysqlIO.java:1272)
	at com.mysql.jdbc.Connection.execSQL(Connection.java:2236)
	at com.mysql.jdbc.PreparedStatement.executeUpdate(PreparedStatement.java:1741)
	at com.mysql.jdbc.PreparedStatement.executeUpdate(PreparedStatement.java:1588)
	at org.hibernate.engine.jdbc.internal.proxy.AbstractStatementProxyHandler.continueInvocation(AbstractStatementProxyHandler.java:122)
</error>

      </testcase>

      <testcase classname="edu.uag.iidis.scec.pruebas.CriticaDAOTest" name="testBuscarTodosE" time="0.005" />

      <testcase classname="edu.uag.iidis.scec.pruebas.CriticaDAOTest" name="testBuscarTodosF" time="0.004">
          <failure type="junit.framework.AssertionFailedError">junit.framework.AssertionFailedError
	at edu.uag.iidis.scec.pruebas.CriticaDAOTest.testBuscarTodosF(CriticaDAOTest.java:150)
	at junit.extensions.TestDecorator.basicRun(TestDecorator.java:22)
	at junit.extensions.TestSetup$1.protect(TestSetup.java:19)
	at junit.extensions.TestSetup.run(TestSetup.java:23)
</failure>

      </testcase>

      <system-out><![CDATA[[SCEC] 2017-04-07 06:44:07,621 DEBUG edu.uag.iidis.scec.persistencia.UsuarioDAO.buscarPorEjemplo(122) : >buscarPorEjemplo()
[SCEC] 2017-04-07 06:44:07,626 DEBUG edu.uag.iidis.scec.persistencia.hibernate.HibernateUtil.<clinit>(69) : >creando sessionFactory
[SCEC] 2017-04-07 06:44:09,488 DEBUG edu.uag.iidis.scec.persistencia.hibernate.HibernateUtil.getSession(160) : >getSession()
[SCEC] 2017-04-07 06:44:09,489 DEBUG edu.uag.iidis.scec.persistencia.hibernate.HibernateUtil.getSession(167) : -Abriendo una nueva sesión para el thread.
Hibernate: select this_.idUsuario as idUsuario0_0_, this_.nombrePrefijo as nombrePr2_0_0_, this_.nombreNombre as nombreNo3_0_0_, this_.nombreApellidoPaterno as nombreAp4_0_0_, this_.nombreApellidoMaterno as nombreAp5_0_0_, this_.nombrePosfijo as nombrePo6_0_0_, this_.nombreIniciales as nombreIn7_0_0_, this_.nombreUsuario as nombreUs8_0_0_, this_.claveAcceso as claveAcc9_0_0_ from Usuarios this_ where (this_.nombreUsuario=?)
Hibernate: select roles0_.idUsuario as idUsuario0_1_, roles0_.idRol as idRol1_, rol1_.idRol as idRol2_0_, rol1_.nombre as nombre2_0_, rol1_.descripcion as descripc3_2_0_ from UsuarioRol roles0_ inner join Roles rol1_ on roles0_.idRol=rol1_.idRol where roles0_.idUsuario=?
Hibernate: select usuarios0_.idRol as idRol2_1_, usuarios0_.idUsuario as idUsuario1_, usuario1_.idUsuario as idUsuario0_0_, usuario1_.nombrePrefijo as nombrePr2_0_0_, usuario1_.nombreNombre as nombreNo3_0_0_, usuario1_.nombreApellidoPaterno as nombreAp4_0_0_, usuario1_.nombreApellidoMaterno as nombreAp5_0_0_, usuario1_.nombrePosfijo as nombrePo6_0_0_, usuario1_.nombreIniciales as nombreIn7_0_0_, usuario1_.nombreUsuario as nombreUs8_0_0_, usuario1_.claveAcceso as claveAcc9_0_0_ from UsuarioRol usuarios0_ inner join Usuarios usuario1_ on usuarios0_.idUsuario=usuario1_.idUsuario where usuarios0_.idRol=?
Hibernate: select usuarios0_.idRol as idRol2_1_, usuarios0_.idUsuario as idUsuario1_, usuario1_.idUsuario as idUsuario0_0_, usuario1_.nombrePrefijo as nombrePr2_0_0_, usuario1_.nombreNombre as nombreNo3_0_0_, usuario1_.nombreApellidoPaterno as nombreAp4_0_0_, usuario1_.nombreApellidoMaterno as nombreAp5_0_0_, usuario1_.nombrePosfijo as nombrePo6_0_0_, usuario1_.nombreIniciales as nombreIn7_0_0_, usuario1_.nombreUsuario as nombreUs8_0_0_, usuario1_.claveAcceso as claveAcc9_0_0_ from UsuarioRol usuarios0_ inner join Usuarios usuario1_ on usuarios0_.idUsuario=usuario1_.idUsuario where usuarios0_.idRol=?
[SCEC] 2017-04-07 06:44:09,791 DEBUG edu.uag.iidis.scec.persistencia.hibernate.HibernateUtil.closeSession(204) : >closeSession()
[SCEC] 2017-04-07 06:44:09,791 DEBUG edu.uag.iidis.scec.persistencia.hibernate.HibernateUtil.closeSession(212) : -Cerrando la sesión local al thread.
[SCEC] 2017-04-07 06:44:09,800 DEBUG edu.uag.iidis.scec.persistencia.hibernate.HibernateUtil.beginTransaction(230) : >beginTransaction()
[SCEC] 2017-04-07 06:44:09,800 DEBUG edu.uag.iidis.scec.persistencia.hibernate.HibernateUtil.beginTransaction(237) : -Iniciando una nueva transacción de base de datos en este thread.
[SCEC] 2017-04-07 06:44:09,801 DEBUG edu.uag.iidis.scec.persistencia.hibernate.HibernateUtil.getSession(160) : >getSession()
[SCEC] 2017-04-07 06:44:09,801 DEBUG edu.uag.iidis.scec.persistencia.hibernate.HibernateUtil.getSession(167) : -Abriendo una nueva sesión para el thread.
[SCEC] 2017-04-07 06:44:09,801 DEBUG edu.uag.iidis.scec.persistencia.UsuarioDAO.hazPersistente(186) : >hazPersistente(usuario)
[SCEC] 2017-04-07 06:44:09,801 DEBUG edu.uag.iidis.scec.persistencia.hibernate.HibernateUtil.getSession(160) : >getSession()
Hibernate: select max(idUsuario) from Usuarios
[SCEC] 2017-04-07 06:44:09,824 DEBUG edu.uag.iidis.scec.persistencia.hibernate.HibernateUtil.commitTransaction(256) : >commitTransaction()
[SCEC] 2017-04-07 06:44:09,824 DEBUG edu.uag.iidis.scec.persistencia.hibernate.HibernateUtil.commitTransaction(264) : -Comprometiendo la transacción de este thread.
Hibernate: insert into Usuarios (nombrePrefijo, nombreNombre, nombreApellidoPaterno, nombreApellidoMaterno, nombrePosfijo, nombreIniciales, nombreUsuario, claveAcceso, idUsuario) values (?, ?, ?, ?, ?, ?, ?, ?, ?)
[SCEC] 2017-04-07 06:44:09,940 DEBUG edu.uag.iidis.scec.persistencia.hibernate.HibernateUtil.beginTransaction(230) : >beginTransaction()
[SCEC] 2017-04-07 06:44:09,940 DEBUG edu.uag.iidis.scec.persistencia.hibernate.HibernateUtil.beginTransaction(237) : -Iniciando una nueva transacción de base de datos en este thread.
[SCEC] 2017-04-07 06:44:09,943 DEBUG edu.uag.iidis.scec.persistencia.hibernate.HibernateUtil.getSession(160) : >getSession()
[SCEC] 2017-04-07 06:44:09,943 DEBUG edu.uag.iidis.scec.persistencia.UsuarioDAO.buscarPorNombreUsuario(63) : >buscarPorNombreUsuario(flyzx)
[SCEC] 2017-04-07 06:44:09,944 DEBUG edu.uag.iidis.scec.persistencia.hibernate.HibernateUtil.getSession(160) : >getSession()
Hibernate: select usuario0_.idUsuario as idUsuario0_, usuario0_.nombrePrefijo as nombrePr2_0_, usuario0_.nombreNombre as nombreNo3_0_, usuario0_.nombreApellidoPaterno as nombreAp4_0_, usuario0_.nombreApellidoMaterno as nombreAp5_0_, usuario0_.nombrePosfijo as nombrePo6_0_, usuario0_.nombreIniciales as nombreIn7_0_, usuario0_.nombreUsuario as nombreUs8_0_, usuario0_.claveAcceso as claveAcc9_0_ from Usuarios usuario0_ where usuario0_.nombreUsuario=?
[SCEC] 2017-04-07 06:44:10,157 DEBUG edu.uag.iidis.scec.persistencia.UsuarioDAO.hazTransitorio(207) : >hazTransitorio(usuario)
[SCEC] 2017-04-07 06:44:10,157 DEBUG edu.uag.iidis.scec.persistencia.hibernate.HibernateUtil.getSession(160) : >getSession()
[SCEC] 2017-04-07 06:44:10,160 DEBUG edu.uag.iidis.scec.persistencia.hibernate.HibernateUtil.commitTransaction(256) : >commitTransaction()
[SCEC] 2017-04-07 06:44:10,160 DEBUG edu.uag.iidis.scec.persistencia.hibernate.HibernateUtil.commitTransaction(264) : -Comprometiendo la transacción de este thread.
Hibernate: delete from Usuarios where idUsuario=?
[SCEC] 2017-04-07 06:44:10,225 DEBUG edu.uag.iidis.scec.persistencia.UsuarioDAO.buscarPorNombreUsuario(63) : >buscarPorNombreUsuario(flyzx)
[SCEC] 2017-04-07 06:44:10,226 DEBUG edu.uag.iidis.scec.persistencia.hibernate.HibernateUtil.getSession(160) : >getSession()
Hibernate: select usuario0_.idUsuario as idUsuario0_, usuario0_.nombrePrefijo as nombrePr2_0_, usuario0_.nombreNombre as nombreNo3_0_, usuario0_.nombreApellidoPaterno as nombreAp4_0_, usuario0_.nombreApellidoMaterno as nombreAp5_0_, usuario0_.nombrePosfijo as nombrePo6_0_, usuario0_.nombreIniciales as nombreIn7_0_, usuario0_.nombreUsuario as nombreUs8_0_, usuario0_.claveAcceso as claveAcc9_0_ from Usuarios usuario0_ where usuario0_.nombreUsuario=?
[SCEC] 2017-04-07 06:44:10,227 DEBUG edu.uag.iidis.scec.persistencia.UsuarioDAO.buscarPorNombreUsuario(79) : >buscarPorNombreUsuario(flyzx)
[SCEC] 2017-04-07 06:44:10,227 DEBUG edu.uag.iidis.scec.persistencia.hibernate.HibernateUtil.closeSession(204) : >closeSession()
[SCEC] 2017-04-07 06:44:10,227 DEBUG edu.uag.iidis.scec.persistencia.hibernate.HibernateUtil.closeSession(212) : -Cerrando la sesión local al thread.
[SCEC] 2017-04-07 06:44:10,228 DEBUG edu.uag.iidis.scec.persistencia.UsuarioDAO.buscarPorId(33) : >buscarPorID(1, false)
[SCEC] 2017-04-07 06:44:10,228 DEBUG edu.uag.iidis.scec.persistencia.hibernate.HibernateUtil.getSession(160) : >getSession()
[SCEC] 2017-04-07 06:44:10,228 DEBUG edu.uag.iidis.scec.persistencia.hibernate.HibernateUtil.getSession(167) : -Abriendo una nueva sesión para el thread.
Hibernate: select usuario0_.idUsuario as idUsuario0_0_, usuario0_.nombrePrefijo as nombrePr2_0_0_, usuario0_.nombreNombre as nombreNo3_0_0_, usuario0_.nombreApellidoPaterno as nombreAp4_0_0_, usuario0_.nombreApellidoMaterno as nombreAp5_0_0_, usuario0_.nombrePosfijo as nombrePo6_0_0_, usuario0_.nombreIniciales as nombreIn7_0_0_, usuario0_.nombreUsuario as nombreUs8_0_0_, usuario0_.claveAcceso as claveAcc9_0_0_ from Usuarios usuario0_ where usuario0_.idUsuario=?
Hibernate: select roles0_.idUsuario as idUsuario0_1_, roles0_.idRol as idRol1_, rol1_.idRol as idRol2_0_, rol1_.nombre as nombre2_0_, rol1_.descripcion as descripc3_2_0_ from UsuarioRol roles0_ inner join Roles rol1_ on roles0_.idRol=rol1_.idRol where roles0_.idUsuario=?
Hibernate: select usuarios0_.idRol as idRol2_1_, usuarios0_.idUsuario as idUsuario1_, usuario1_.idUsuario as idUsuario0_0_, usuario1_.nombrePrefijo as nombrePr2_0_0_, usuario1_.nombreNombre as nombreNo3_0_0_, usuario1_.nombreApellidoPaterno as nombreAp4_0_0_, usuario1_.nombreApellidoMaterno as nombreAp5_0_0_, usuario1_.nombrePosfijo as nombrePo6_0_0_, usuario1_.nombreIniciales as nombreIn7_0_0_, usuario1_.nombreUsuario as nombreUs8_0_0_, usuario1_.claveAcceso as claveAcc9_0_0_ from UsuarioRol usuarios0_ inner join Usuarios usuario1_ on usuarios0_.idUsuario=usuario1_.idUsuario where usuarios0_.idRol=?
Hibernate: select usuarios0_.idRol as idRol2_1_, usuarios0_.idUsuario as idUsuario1_, usuario1_.idUsuario as idUsuario0_0_, usuario1_.nombrePrefijo as nombrePr2_0_0_, usuario1_.nombreNombre as nombreNo3_0_0_, usuario1_.nombreApellidoPaterno as nombreAp4_0_0_, usuario1_.nombreApellidoMaterno as nombreAp5_0_0_, usuario1_.nombrePosfijo as nombrePo6_0_0_, usuario1_.nombreIniciales as nombreIn7_0_0_, usuario1_.nombreUsuario as nombreUs8_0_0_, usuario1_.claveAcceso as claveAcc9_0_0_ from UsuarioRol usuarios0_ inner join Usuarios usuario1_ on usuarios0_.idUsuario=usuario1_.idUsuario where usuarios0_.idRol=?
[SCEC] 2017-04-07 06:44:10,239 DEBUG edu.uag.iidis.scec.persistencia.hibernate.HibernateUtil.closeSession(204) : >closeSession()
[SCEC] 2017-04-07 06:44:10,240 DEBUG edu.uag.iidis.scec.persistencia.hibernate.HibernateUtil.closeSession(212) : -Cerrando la sesión local al thread.
[SCEC] 2017-04-07 06:44:10,240 DEBUG edu.uag.iidis.scec.persistencia.UsuarioDAO.buscarPorId(33) : >buscarPorID(1, false)
[SCEC] 2017-04-07 06:44:10,240 DEBUG edu.uag.iidis.scec.persistencia.hibernate.HibernateUtil.getSession(160) : >getSession()
[SCEC] 2017-04-07 06:44:10,241 DEBUG edu.uag.iidis.scec.persistencia.hibernate.HibernateUtil.getSession(167) : -Abriendo una nueva sesión para el thread.
Hibernate: select usuario0_.idUsuario as idUsuario0_0_, usuario0_.nombrePrefijo as nombrePr2_0_0_, usuario0_.nombreNombre as nombreNo3_0_0_, usuario0_.nombreApellidoPaterno as nombreAp4_0_0_, usuario0_.nombreApellidoMaterno as nombreAp5_0_0_, usuario0_.nombrePosfijo as nombrePo6_0_0_, usuario0_.nombreIniciales as nombreIn7_0_0_, usuario0_.nombreUsuario as nombreUs8_0_0_, usuario0_.claveAcceso as claveAcc9_0_0_ from Usuarios usuario0_ where usuario0_.idUsuario=?
Hibernate: select roles0_.idUsuario as idUsuario0_1_, roles0_.idRol as idRol1_, rol1_.idRol as idRol2_0_, rol1_.nombre as nombre2_0_, rol1_.descripcion as descripc3_2_0_ from UsuarioRol roles0_ inner join Roles rol1_ on roles0_.idRol=rol1_.idRol where roles0_.idUsuario=?
Hibernate: select usuarios0_.idRol as idRol2_1_, usuarios0_.idUsuario as idUsuario1_, usuario1_.idUsuario as idUsuario0_0_, usuario1_.nombrePrefijo as nombrePr2_0_0_, usuario1_.nombreNombre as nombreNo3_0_0_, usuario1_.nombreApellidoPaterno as nombreAp4_0_0_, usuario1_.nombreApellidoMaterno as nombreAp5_0_0_, usuario1_.nombrePosfijo as nombrePo6_0_0_, usuario1_.nombreIniciales as nombreIn7_0_0_, usuario1_.nombreUsuario as nombreUs8_0_0_, usuario1_.claveAcceso as claveAcc9_0_0_ from UsuarioRol usuarios0_ inner join Usuarios usuario1_ on usuarios0_.idUsuario=usuario1_.idUsuario where usuarios0_.idRol=?
Hibernate: select usuarios0_.idRol as idRol2_1_, usuarios0_.idUsuario as idUsuario1_, usuario1_.idUsuario as idUsuario0_0_, usuario1_.nombrePrefijo as nombrePr2_0_0_, usuario1_.nombreNombre as nombreNo3_0_0_, usuario1_.nombreApellidoPaterno as nombreAp4_0_0_, usuario1_.nombreApellidoMaterno as nombreAp5_0_0_, usuario1_.nombrePosfijo as nombrePo6_0_0_, usuario1_.nombreIniciales as nombreIn7_0_0_, usuario1_.nombreUsuario as nombreUs8_0_0_, usuario1_.claveAcceso as claveAcc9_0_0_ from UsuarioRol usuarios0_ inner join Usuarios usuario1_ on usuarios0_.idUsuario=usuario1_.idUsuario where usuarios0_.idRol=?
[SCEC] 2017-04-07 06:44:10,249 DEBUG edu.uag.iidis.scec.persistencia.hibernate.HibernateUtil.closeSession(204) : >closeSession()
[SCEC] 2017-04-07 06:44:10,250 DEBUG edu.uag.iidis.scec.persistencia.hibernate.HibernateUtil.closeSession(212) : -Cerrando la sesión local al thread.
[SCEC] 2017-04-07 06:44:10,250 DEBUG edu.uag.iidis.scec.persistencia.hibernate.HibernateUtil.beginTransaction(230) : >beginTransaction()
[SCEC] 2017-04-07 06:44:10,251 DEBUG edu.uag.iidis.scec.persistencia.hibernate.HibernateUtil.beginTransaction(237) : -Iniciando una nueva transacción de base de datos en este thread.
[SCEC] 2017-04-07 06:44:10,251 DEBUG edu.uag.iidis.scec.persistencia.hibernate.HibernateUtil.getSession(160) : >getSession()
[SCEC] 2017-04-07 06:44:10,251 DEBUG edu.uag.iidis.scec.persistencia.hibernate.HibernateUtil.getSession(167) : -Abriendo una nueva sesión para el thread.
[SCEC] 2017-04-07 06:44:10,252 DEBUG edu.uag.iidis.scec.persistencia.UsuarioDAO.hazPersistente(186) : >hazPersistente(usuario)
[SCEC] 2017-04-07 06:44:10,252 DEBUG edu.uag.iidis.scec.persistencia.hibernate.HibernateUtil.getSession(160) : >getSession()
[SCEC] 2017-04-07 06:44:10,253 DEBUG edu.uag.iidis.scec.persistencia.hibernate.HibernateUtil.commitTransaction(256) : >commitTransaction()
[SCEC] 2017-04-07 06:44:10,253 DEBUG edu.uag.iidis.scec.persistencia.hibernate.HibernateUtil.commitTransaction(264) : -Comprometiendo la transacción de este thread.
Hibernate: insert into Usuarios (nombrePrefijo, nombreNombre, nombreApellidoPaterno, nombreApellidoMaterno, nombrePosfijo, nombreIniciales, nombreUsuario, claveAcceso, idUsuario) values (?, ?, ?, ?, ?, ?, ?, ?, ?)
[SCEC] 2017-04-07 06:44:10,292 DEBUG edu.uag.iidis.scec.persistencia.UsuarioDAO.buscarPorNombreUsuario(63) : >buscarPorNombreUsuario(flyzx)
[SCEC] 2017-04-07 06:44:10,292 DEBUG edu.uag.iidis.scec.persistencia.hibernate.HibernateUtil.getSession(160) : >getSession()
Hibernate: select usuario0_.idUsuario as idUsuario0_, usuario0_.nombrePrefijo as nombrePr2_0_, usuario0_.nombreNombre as nombreNo3_0_, usuario0_.nombreApellidoPaterno as nombreAp4_0_, usuario0_.nombreApellidoMaterno as nombreAp5_0_, usuario0_.nombrePosfijo as nombrePo6_0_, usuario0_.nombreIniciales as nombreIn7_0_, usuario0_.nombreUsuario as nombreUs8_0_, usuario0_.claveAcceso as claveAcc9_0_ from Usuarios usuario0_ where usuario0_.nombreUsuario=?
[SCEC] 2017-04-07 06:44:10,294 DEBUG edu.uag.iidis.scec.persistencia.hibernate.HibernateUtil.beginTransaction(230) : >beginTransaction()
[SCEC] 2017-04-07 06:44:10,294 DEBUG edu.uag.iidis.scec.persistencia.hibernate.HibernateUtil.beginTransaction(237) : -Iniciando una nueva transacción de base de datos en este thread.
[SCEC] 2017-04-07 06:44:10,294 DEBUG edu.uag.iidis.scec.persistencia.hibernate.HibernateUtil.getSession(160) : >getSession()
[SCEC] 2017-04-07 06:44:10,294 DEBUG edu.uag.iidis.scec.persistencia.UsuarioDAO.buscarPorNombreUsuario(63) : >buscarPorNombreUsuario(flyzx)
[SCEC] 2017-04-07 06:44:10,295 DEBUG edu.uag.iidis.scec.persistencia.hibernate.HibernateUtil.getSession(160) : >getSession()
Hibernate: select usuario0_.idUsuario as idUsuario0_, usuario0_.nombrePrefijo as nombrePr2_0_, usuario0_.nombreNombre as nombreNo3_0_, usuario0_.nombreApellidoPaterno as nombreAp4_0_, usuario0_.nombreApellidoMaterno as nombreAp5_0_, usuario0_.nombrePosfijo as nombrePo6_0_, usuario0_.nombreIniciales as nombreIn7_0_, usuario0_.nombreUsuario as nombreUs8_0_, usuario0_.claveAcceso as claveAcc9_0_ from Usuarios usuario0_ where usuario0_.nombreUsuario=?
[SCEC] 2017-04-07 06:44:10,296 DEBUG edu.uag.iidis.scec.persistencia.UsuarioDAO.hazTransitorio(207) : >hazTransitorio(usuario)
[SCEC] 2017-04-07 06:44:10,297 DEBUG edu.uag.iidis.scec.persistencia.hibernate.HibernateUtil.getSession(160) : >getSession()
[SCEC] 2017-04-07 06:44:10,297 DEBUG edu.uag.iidis.scec.persistencia.hibernate.HibernateUtil.commitTransaction(256) : >commitTransaction()
[SCEC] 2017-04-07 06:44:10,297 DEBUG edu.uag.iidis.scec.persistencia.hibernate.HibernateUtil.commitTransaction(264) : -Comprometiendo la transacción de este thread.
Hibernate: delete from Usuarios where idUsuario=?
[SCEC] 2017-04-07 06:44:10,335 DEBUG edu.uag.iidis.scec.persistencia.hibernate.HibernateUtil.closeSession(204) : >closeSession()
[SCEC] 2017-04-07 06:44:10,336 DEBUG edu.uag.iidis.scec.persistencia.hibernate.HibernateUtil.closeSession(212) : -Cerrando la sesión local al thread.
[SCEC] 2017-04-07 06:44:10,336 DEBUG edu.uag.iidis.scec.persistencia.UsuarioDAO.buscarTodos(100) : >buscarTodos()
[SCEC] 2017-04-07 06:44:10,336 DEBUG edu.uag.iidis.scec.persistencia.hibernate.HibernateUtil.getSession(160) : >getSession()
[SCEC] 2017-04-07 06:44:10,336 DEBUG edu.uag.iidis.scec.persistencia.hibernate.HibernateUtil.getSession(167) : -Abriendo una nueva sesión para el thread.
Hibernate: select this_.idUsuario as idUsuario0_0_, this_.nombrePrefijo as nombrePr2_0_0_, this_.nombreNombre as nombreNo3_0_0_, this_.nombreApellidoPaterno as nombreAp4_0_0_, this_.nombreApellidoMaterno as nombreAp5_0_0_, this_.nombrePosfijo as nombrePo6_0_0_, this_.nombreIniciales as nombreIn7_0_0_, this_.nombreUsuario as nombreUs8_0_0_, this_.claveAcceso as claveAcc9_0_0_ from Usuarios this_
Hibernate: select roles0_.idUsuario as idUsuario0_1_, roles0_.idRol as idRol1_, rol1_.idRol as idRol2_0_, rol1_.nombre as nombre2_0_, rol1_.descripcion as descripc3_2_0_ from UsuarioRol roles0_ inner join Roles rol1_ on roles0_.idRol=rol1_.idRol where roles0_.idUsuario=?
Hibernate: select roles0_.idUsuario as idUsuario0_1_, roles0_.idRol as idRol1_, rol1_.idRol as idRol2_0_, rol1_.nombre as nombre2_0_, rol1_.descripcion as descripc3_2_0_ from UsuarioRol roles0_ inner join Roles rol1_ on roles0_.idRol=rol1_.idRol where roles0_.idUsuario=?
Hibernate: select usuarios0_.idRol as idRol2_1_, usuarios0_.idUsuario as idUsuario1_, usuario1_.idUsuario as idUsuario0_0_, usuario1_.nombrePrefijo as nombrePr2_0_0_, usuario1_.nombreNombre as nombreNo3_0_0_, usuario1_.nombreApellidoPaterno as nombreAp4_0_0_, usuario1_.nombreApellidoMaterno as nombreAp5_0_0_, usuario1_.nombrePosfijo as nombrePo6_0_0_, usuario1_.nombreIniciales as nombreIn7_0_0_, usuario1_.nombreUsuario as nombreUs8_0_0_, usuario1_.claveAcceso as claveAcc9_0_0_ from UsuarioRol usuarios0_ inner join Usuarios usuario1_ on usuarios0_.idUsuario=usuario1_.idUsuario where usuarios0_.idRol=?
Hibernate: select usuarios0_.idRol as idRol2_1_, usuarios0_.idUsuario as idUsuario1_, usuario1_.idUsuario as idUsuario0_0_, usuario1_.nombrePrefijo as nombrePr2_0_0_, usuario1_.nombreNombre as nombreNo3_0_0_, usuario1_.nombreApellidoPaterno as nombreAp4_0_0_, usuario1_.nombreApellidoMaterno as nombreAp5_0_0_, usuario1_.nombrePosfijo as nombrePo6_0_0_, usuario1_.nombreIniciales as nombreIn7_0_0_, usuario1_.nombreUsuario as nombreUs8_0_0_, usuario1_.claveAcceso as claveAcc9_0_0_ from UsuarioRol usuarios0_ inner join Usuarios usuario1_ on usuarios0_.idUsuario=usuario1_.idUsuario where usuarios0_.idRol=?
[SCEC] 2017-04-07 06:44:10,344 DEBUG edu.uag.iidis.scec.persistencia.hibernate.HibernateUtil.closeSession(204) : >closeSession()
[SCEC] 2017-04-07 06:44:10,344 DEBUG edu.uag.iidis.scec.persistencia.hibernate.HibernateUtil.closeSession(212) : -Cerrando la sesión local al thread.
[SCEC] 2017-04-07 06:44:10,347 DEBUG edu.uag.iidis.scec.persistencia.hibernate.HibernateUtil.beginTransaction(230) : >beginTransaction()
[SCEC] 2017-04-07 06:44:10,347 DEBUG edu.uag.iidis.scec.persistencia.hibernate.HibernateUtil.beginTransaction(237) : -Iniciando una nueva transacción de base de datos en este thread.
[SCEC] 2017-04-07 06:44:10,347 DEBUG edu.uag.iidis.scec.persistencia.hibernate.HibernateUtil.getSession(160) : >getSession()
[SCEC] 2017-04-07 06:44:10,347 DEBUG edu.uag.iidis.scec.persistencia.hibernate.HibernateUtil.getSession(167) : -Abriendo una nueva sesión para el thread.
[SCEC] 2017-04-07 06:44:10,347 DEBUG edu.uag.iidis.scec.persistencia.HotelDAO.hazPersistente(182) : >hazPersistente(hotel)
[SCEC] 2017-04-07 06:44:10,348 DEBUG edu.uag.iidis.scec.persistencia.hibernate.HibernateUtil.getSession(160) : >getSession()
Hibernate: select max(id) from Hoteles
[SCEC] 2017-04-07 06:44:10,349 DEBUG edu.uag.iidis.scec.persistencia.HotelDAO.buscarPorId(33) : >buscarPorID(1, true)
[SCEC] 2017-04-07 06:44:10,349 DEBUG edu.uag.iidis.scec.persistencia.hibernate.HibernateUtil.getSession(160) : >getSession()
Hibernate: select hotel0_.id as id7_0_, hotel0_.Nombre as Nombre7_0_, hotel0_.Descripcion as Descripc3_7_0_, hotel0_.Precio as Precio7_0_, hotel0_.Horario as Horario7_0_, hotel0_.Estado as Estado7_0_, hotel0_.Imagen as Imagen7_0_, hotel0_.Pais as Pais7_0_, hotel0_.Direccion as Direccion7_0_ from Hoteles hotel0_ where hotel0_.id=? for update
[SCEC] 2017-04-07 06:44:10,350 DEBUG edu.uag.iidis.scec.persistencia.hibernate.HibernateUtil.commitTransaction(256) : >commitTransaction()
[SCEC] 2017-04-07 06:44:10,351 DEBUG edu.uag.iidis.scec.persistencia.hibernate.HibernateUtil.commitTransaction(264) : -Comprometiendo la transacción de este thread.
Hibernate: insert into Hoteles (Nombre, Descripcion, Precio, Horario, Estado, Imagen, Pais, Direccion, id) values (?, ?, ?, ?, ?, ?, ?, ?, ?)
[SCEC] 2017-04-07 06:44:10,354  WARN org.hibernate.engine.jdbc.spi.SqlExceptionHelper.logExceptions(143) : SQL Error: 1062, SQLState: 23000
[SCEC] 2017-04-07 06:44:10,355 ERROR org.hibernate.engine.jdbc.spi.SqlExceptionHelper.logExceptions(144) : Duplicate key or integrity constraint violation,  message from server: "Duplicate entry '003' for key 'Nombre'"
[SCEC] 2017-04-07 06:44:10,356 DEBUG edu.uag.iidis.scec.persistencia.hibernate.HibernateUtil.commitTransaction(271) : -Deshaciendo la transacción de este thread.
[SCEC] 2017-04-07 06:44:10,357 DEBUG edu.uag.iidis.scec.persistencia.hibernate.HibernateUtil.rollbackTransaction(287) : >rollbackTransaction()
[SCEC] 2017-04-07 06:44:10,357 DEBUG edu.uag.iidis.scec.persistencia.hibernate.HibernateUtil.rollbackTransaction(295) : -Intentando deshacer la transacción para este thread.
[SCEC] 2017-04-07 06:44:10,392 DEBUG edu.uag.iidis.scec.persistencia.hibernate.HibernateUtil.rollbackTransaction(304) : -Intentando cerrar la sesión.
[SCEC] 2017-04-07 06:44:10,392 DEBUG edu.uag.iidis.scec.persistencia.hibernate.HibernateUtil.closeSession(204) : >closeSession()
[SCEC] 2017-04-07 06:44:10,392 DEBUG edu.uag.iidis.scec.persistencia.hibernate.HibernateUtil.closeSession(212) : -Cerrando la sesión local al thread.
[SCEC] 2017-04-07 06:44:10,393 ERROR edu.uag.iidis.scec.persistencia.hibernate.HibernateUtil.commitTransaction(274) : <HibernateException
[SCEC] 2017-04-07 06:44:10,393 DEBUG edu.uag.iidis.scec.persistencia.hibernate.HibernateUtil.rollbackTransaction(287) : >rollbackTransaction()
[SCEC] 2017-04-07 06:44:10,393 DEBUG edu.uag.iidis.scec.persistencia.hibernate.HibernateUtil.rollbackTransaction(304) : -Intentando cerrar la sesión.
[SCEC] 2017-04-07 06:44:10,393 DEBUG edu.uag.iidis.scec.persistencia.hibernate.HibernateUtil.closeSession(204) : >closeSession()
[SCEC] 2017-04-07 06:44:10,393 DEBUG edu.uag.iidis.scec.persistencia.hibernate.HibernateUtil.closeSession(204) : >closeSession()
[SCEC] 2017-04-07 06:44:10,399 DEBUG edu.uag.iidis.scec.persistencia.HotelDAO.buscarPorId(33) : >buscarPorID(1, true)
[SCEC] 2017-04-07 06:44:10,399 DEBUG edu.uag.iidis.scec.persistencia.hibernate.HibernateUtil.getSession(160) : >getSession()
[SCEC] 2017-04-07 06:44:10,399 DEBUG edu.uag.iidis.scec.persistencia.hibernate.HibernateUtil.getSession(167) : -Abriendo una nueva sesión para el thread.
Hibernate: select hotel0_.id as id7_0_, hotel0_.Nombre as Nombre7_0_, hotel0_.Descripcion as Descripc3_7_0_, hotel0_.Precio as Precio7_0_, hotel0_.Horario as Horario7_0_, hotel0_.Estado as Estado7_0_, hotel0_.Imagen as Imagen7_0_, hotel0_.Pais as Pais7_0_, hotel0_.Direccion as Direccion7_0_ from Hoteles hotel0_ where hotel0_.id=? for update
[SCEC] 2017-04-07 06:44:10,401 DEBUG edu.uag.iidis.scec.persistencia.hibernate.HibernateUtil.beginTransaction(230) : >beginTransaction()
[SCEC] 2017-04-07 06:44:10,402 DEBUG edu.uag.iidis.scec.persistencia.hibernate.HibernateUtil.beginTransaction(237) : -Iniciando una nueva transacción de base de datos en este thread.
[SCEC] 2017-04-07 06:44:10,402 DEBUG edu.uag.iidis.scec.persistencia.hibernate.HibernateUtil.getSession(160) : >getSession()
[SCEC] 2017-04-07 06:44:10,402 DEBUG edu.uag.iidis.scec.persistencia.HotelDAO.hazTransitorio(200) : >hazTransitorio(hotel)
[SCEC] 2017-04-07 06:44:10,402 DEBUG edu.uag.iidis.scec.persistencia.hibernate.HibernateUtil.getSession(160) : >getSession()
[SCEC] 2017-04-07 06:44:10,403 DEBUG edu.uag.iidis.scec.persistencia.HotelDAO.buscarPorId(33) : >buscarPorID(1, true)
[SCEC] 2017-04-07 06:44:10,403 DEBUG edu.uag.iidis.scec.persistencia.hibernate.HibernateUtil.getSession(160) : >getSession()
[SCEC] 2017-04-07 06:44:10,405  WARN edu.uag.iidis.scec.persistencia.HotelDAO.buscarPorId(49) : <HibernateException
[SCEC] 2017-04-07 06:44:10,407 DEBUG edu.uag.iidis.scec.persistencia.hibernate.HibernateUtil.rollbackTransaction(287) : >rollbackTransaction()
[SCEC] 2017-04-07 06:44:10,407 DEBUG edu.uag.iidis.scec.persistencia.hibernate.HibernateUtil.rollbackTransaction(295) : -Intentando deshacer la transacción para este thread.
[SCEC] 2017-04-07 06:44:10,407 DEBUG edu.uag.iidis.scec.persistencia.hibernate.HibernateUtil.rollbackTransaction(304) : -Intentando cerrar la sesión.
[SCEC] 2017-04-07 06:44:10,407 DEBUG edu.uag.iidis.scec.persistencia.hibernate.HibernateUtil.closeSession(204) : >closeSession()
[SCEC] 2017-04-07 06:44:10,408 DEBUG edu.uag.iidis.scec.persistencia.hibernate.HibernateUtil.closeSession(212) : -Cerrando la sesión local al thread.
[SCEC] 2017-04-07 06:44:10,408 DEBUG edu.uag.iidis.scec.persistencia.hibernate.HibernateUtil.closeSession(204) : >closeSession()
[SCEC] 2017-04-07 06:44:10,409 DEBUG edu.uag.iidis.scec.persistencia.HotelDAO.buscarPorId(33) : >buscarPorID(0, true)
[SCEC] 2017-04-07 06:44:10,410 DEBUG edu.uag.iidis.scec.persistencia.hibernate.HibernateUtil.getSession(160) : >getSession()
[SCEC] 2017-04-07 06:44:10,410 DEBUG edu.uag.iidis.scec.persistencia.hibernate.HibernateUtil.getSession(167) : -Abriendo una nueva sesión para el thread.
Hibernate: select hotel0_.id as id7_0_, hotel0_.Nombre as Nombre7_0_, hotel0_.Descripcion as Descripc3_7_0_, hotel0_.Precio as Precio7_0_, hotel0_.Horario as Horario7_0_, hotel0_.Estado as Estado7_0_, hotel0_.Imagen as Imagen7_0_, hotel0_.Pais as Pais7_0_, hotel0_.Direccion as Direccion7_0_ from Hoteles hotel0_ where hotel0_.id=? for update
[SCEC] 2017-04-07 06:44:10,411  WARN edu.uag.iidis.scec.persistencia.HotelDAO.buscarPorId(49) : <HibernateException
[SCEC] 2017-04-07 06:44:10,413 DEBUG edu.uag.iidis.scec.persistencia.hibernate.HibernateUtil.beginTransaction(230) : >beginTransaction()
[SCEC] 2017-04-07 06:44:10,413 DEBUG edu.uag.iidis.scec.persistencia.hibernate.HibernateUtil.beginTransaction(237) : -Iniciando una nueva transacción de base de datos en este thread.
[SCEC] 2017-04-07 06:44:10,414 DEBUG edu.uag.iidis.scec.persistencia.hibernate.HibernateUtil.getSession(160) : >getSession()
[SCEC] 2017-04-07 06:44:10,414 DEBUG edu.uag.iidis.scec.persistencia.HotelDAO.ordenarHotelesPor(96) : >buscarTodos()
[SCEC] 2017-04-07 06:44:10,414 DEBUG edu.uag.iidis.scec.persistencia.HotelDAO.ordenarHotelesPor(103) : from Hotel ORDER BY nombre
[SCEC] 2017-04-07 06:44:10,414 DEBUG edu.uag.iidis.scec.persistencia.hibernate.HibernateUtil.getSession(160) : >getSession()
Hibernate: select hotel0_.id as id7_, hotel0_.Nombre as Nombre7_, hotel0_.Descripcion as Descripc3_7_, hotel0_.Precio as Precio7_, hotel0_.Horario as Horario7_, hotel0_.Estado as Estado7_, hotel0_.Imagen as Imagen7_, hotel0_.Pais as Pais7_, hotel0_.Direccion as Direccion7_ from Hoteles hotel0_ order by hotel0_.Nombre
[SCEC] 2017-04-07 06:44:10,420 DEBUG edu.uag.iidis.scec.persistencia.HotelDAO.ordenarHotelesPor(109) : <<<<<<<<< create query ok 
[SCEC] 2017-04-07 06:44:10,420 DEBUG edu.uag.iidis.scec.persistencia.HotelDAO.ordenarHotelesPor(115) : >buscarTodos() ---- list   2
[SCEC] 2017-04-07 06:44:10,429 DEBUG edu.uag.iidis.scec.persistencia.HotelDAO.ordenarHotelesPor(116) : >buscarTodos() ---- contenido   [edu.uag.iidis.scec.modelo.Hotel@7813cb11[
  id=1
  nombre=001
  descripcion=001
  precio=001
  horario=001
  estado=001
  imagen=001
  pais=001
  direccion=001
], edu.uag.iidis.scec.modelo.Hotel@bcec031[
  id=2
  nombre=003
  descripcion=003
  precio=003
  horario=003
  estado=003
  imagen=003
  pais=003
  direccion=003
]]
[SCEC] 2017-04-07 06:44:10,429 DEBUG edu.uag.iidis.scec.persistencia.hibernate.HibernateUtil.commitTransaction(256) : >commitTransaction()
[SCEC] 2017-04-07 06:44:10,429 DEBUG edu.uag.iidis.scec.persistencia.hibernate.HibernateUtil.commitTransaction(264) : -Comprometiendo la transacción de este thread.
[SCEC] 2017-04-07 06:44:10,430 DEBUG edu.uag.iidis.scec.persistencia.hibernate.HibernateUtil.closeSession(204) : >closeSession()
[SCEC] 2017-04-07 06:44:10,430 DEBUG edu.uag.iidis.scec.persistencia.hibernate.HibernateUtil.closeSession(212) : -Cerrando la sesión local al thread.
[SCEC] 2017-04-07 06:44:10,430 DEBUG edu.uag.iidis.scec.persistencia.hibernate.HibernateUtil.beginTransaction(230) : >beginTransaction()
[SCEC] 2017-04-07 06:44:10,431 DEBUG edu.uag.iidis.scec.persistencia.hibernate.HibernateUtil.beginTransaction(237) : -Iniciando una nueva transacción de base de datos en este thread.
[SCEC] 2017-04-07 06:44:10,431 DEBUG edu.uag.iidis.scec.persistencia.hibernate.HibernateUtil.getSession(160) : >getSession()
[SCEC] 2017-04-07 06:44:10,431 DEBUG edu.uag.iidis.scec.persistencia.hibernate.HibernateUtil.getSession(167) : -Abriendo una nueva sesión para el thread.
[SCEC] 2017-04-07 06:44:10,432 DEBUG edu.uag.iidis.scec.persistencia.HotelDAO.hazPersistente(182) : >hazPersistente(hotel)
[SCEC] 2017-04-07 06:44:10,432 DEBUG edu.uag.iidis.scec.persistencia.hibernate.HibernateUtil.getSession(160) : >getSession()
[SCEC] 2017-04-07 06:44:10,432 DEBUG edu.uag.iidis.scec.persistencia.HotelDAO.buscarPorId(33) : >buscarPorID(1, true)
[SCEC] 2017-04-07 06:44:10,433 DEBUG edu.uag.iidis.scec.persistencia.hibernate.HibernateUtil.getSession(160) : >getSession()
Hibernate: select hotel0_.id as id7_0_, hotel0_.Nombre as Nombre7_0_, hotel0_.Descripcion as Descripc3_7_0_, hotel0_.Precio as Precio7_0_, hotel0_.Horario as Horario7_0_, hotel0_.Estado as Estado7_0_, hotel0_.Imagen as Imagen7_0_, hotel0_.Pais as Pais7_0_, hotel0_.Direccion as Direccion7_0_ from Hoteles hotel0_ where hotel0_.id=? for update
[SCEC] 2017-04-07 06:44:10,435 DEBUG edu.uag.iidis.scec.persistencia.hibernate.HibernateUtil.commitTransaction(256) : >commitTransaction()
[SCEC] 2017-04-07 06:44:10,435 DEBUG edu.uag.iidis.scec.persistencia.hibernate.HibernateUtil.commitTransaction(264) : -Comprometiendo la transacción de este thread.
Hibernate: insert into Hoteles (Nombre, Descripcion, Precio, Horario, Estado, Imagen, Pais, Direccion, id) values (?, ?, ?, ?, ?, ?, ?, ?, ?)
[SCEC] 2017-04-07 06:44:10,437  WARN org.hibernate.engine.jdbc.spi.SqlExceptionHelper.logExceptions(143) : SQL Error: 1062, SQLState: 23000
[...]
[SCEC] 2017-04-07 06:44:10,910 DEBUG edu.uag.iidis.scec.persistencia.hibernate.HibernateUtil.getSession(167) : -Abriendo una nueva sesión para el thread.
Hibernate: select critica0_.id as id8_0_, critica0_.Nombre as Nombre8_0_, critica0_.Descripcion as Descripc3_8_0_, critica0_.Hotel as Hotel8_0_, critica0_.Nivel as Nivel8_0_ from Criticaes critica0_ where critica0_.id=? for update
[SCEC] 2017-04-07 06:44:10,911 DEBUG edu.uag.iidis.scec.persistencia.hibernate.HibernateUtil.beginTransaction(230) : >beginTransaction()
[SCEC] 2017-04-07 06:44:10,911 DEBUG edu.uag.iidis.scec.persistencia.hibernate.HibernateUtil.beginTransaction(237) : -Iniciando una nueva transacción de base de datos en este thread.
[SCEC] 2017-04-07 06:44:10,911 DEBUG edu.uag.iidis.scec.persistencia.hibernate.HibernateUtil.getSession(160) : >getSession()
[SCEC] 2017-04-07 06:44:10,911 DEBUG edu.uag.iidis.scec.persistencia.CriticaDAO.hazTransitorio(167) : >hazTransitorio(critica)
[SCEC] 2017-04-07 06:44:10,911 DEBUG edu.uag.iidis.scec.persistencia.hibernate.HibernateUtil.getSession(160) : >getSession()
[SCEC] 2017-04-07 06:44:10,912 DEBUG edu.uag.iidis.scec.persistencia.CriticaDAO.buscarPorId(33) : >buscarPorID(1, true)
[SCEC] 2017-04-07 06:44:10,912 DEBUG edu.uag.iidis.scec.persistencia.hibernate.HibernateUtil.getSession(160) : >getSession()
[SCEC] 2017-04-07 06:44:10,912  WARN edu.uag.iidis.scec.persistencia.CriticaDAO.buscarPorId(49) : <HibernateException
[SCEC] 2017-04-07 06:44:10,912 DEBUG edu.uag.iidis.scec.persistencia.hibernate.HibernateUtil.rollbackTransaction(287) : >rollbackTransaction()
[SCEC] 2017-04-07 06:44:10,912 DEBUG edu.uag.iidis.scec.persistencia.hibernate.HibernateUtil.rollbackTransaction(295) : -Intentando deshacer la transacción para este thread.
[SCEC] 2017-04-07 06:44:10,912 DEBUG edu.uag.iidis.scec.persistencia.hibernate.HibernateUtil.rollbackTransaction(304) : -Intentando cerrar la sesión.
[SCEC] 2017-04-07 06:44:10,913 DEBUG edu.uag.iidis.scec.persistencia.hibernate.HibernateUtil.closeSession(204) : >closeSession()
[SCEC] 2017-04-07 06:44:10,913 DEBUG edu.uag.iidis.scec.persistencia.hibernate.HibernateUtil.closeSession(212) : -Cerrando la sesión local al thread.
[SCEC] 2017-04-07 06:44:10,913 DEBUG edu.uag.iidis.scec.persistencia.hibernate.HibernateUtil.closeSession(204) : >closeSession()
[SCEC] 2017-04-07 06:44:10,914 DEBUG edu.uag.iidis.scec.persistencia.hibernate.HibernateUtil.beginTransaction(230) : >beginTransaction()
[SCEC] 2017-04-07 06:44:10,915 DEBUG edu.uag.iidis.scec.persistencia.hibernate.HibernateUtil.beginTransaction(237) : -Iniciando una nueva transacción de base de datos en este thread.
[SCEC] 2017-04-07 06:44:10,915 DEBUG edu.uag.iidis.scec.persistencia.hibernate.HibernateUtil.getSession(160) : >getSession()
[SCEC] 2017-04-07 06:44:10,915 DEBUG edu.uag.iidis.scec.persistencia.hibernate.HibernateUtil.getSession(167) : -Abriendo una nueva sesión para el thread.
[SCEC] 2017-04-07 06:44:10,915 DEBUG edu.uag.iidis.scec.persistencia.CriticaDAO.ordenarCriticaesPor(63) : >buscarTodos()
[SCEC] 2017-04-07 06:44:10,915 DEBUG edu.uag.iidis.scec.persistencia.CriticaDAO.ordenarCriticaesPor(70) : from Critica ORDER BY nombre
[SCEC] 2017-04-07 06:44:10,916 DEBUG edu.uag.iidis.scec.persistencia.hibernate.HibernateUtil.getSession(160) : >getSession()
Hibernate: select critica0_.id as id8_, critica0_.Nombre as Nombre8_, critica0_.Descripcion as Descripc3_8_, critica0_.Hotel as Hotel8_, critica0_.Nivel as Nivel8_ from Criticaes critica0_ order by critica0_.Nombre
[SCEC] 2017-04-07 06:44:10,920 DEBUG edu.uag.iidis.scec.persistencia.CriticaDAO.ordenarCriticaesPor(76) : <<<<<<<<< create query ok 
[SCEC] 2017-04-07 06:44:10,921 DEBUG edu.uag.iidis.scec.persistencia.CriticaDAO.ordenarCriticaesPor(82) : >buscarTodos() ---- list   2
[SCEC] 2017-04-07 06:44:10,921 DEBUG edu.uag.iidis.scec.persistencia.CriticaDAO.ordenarCriticaesPor(83) : >buscarTodos() ---- contenido   [edu.uag.iidis.scec.modelo.Critica@5f2606b[
  id=1
  nombre=001
  descripcion=001
  hotel=001
  nivel=001
], edu.uag.iidis.scec.modelo.Critica@2b58f754[
  id=2
  nombre=003
  descripcion=003
  hotel=003
  nivel=003
]]
[SCEC] 2017-04-07 06:44:10,921 DEBUG edu.uag.iidis.scec.persistencia.hibernate.HibernateUtil.commitTransaction(256) : >commitTransaction()
[SCEC] 2017-04-07 06:44:10,922 DEBUG edu.uag.iidis.scec.persistencia.hibernate.HibernateUtil.commitTransaction(264) : -Comprometiendo la transacción de este thread.
[SCEC] 2017-04-07 06:44:10,923 DEBUG edu.uag.iidis.scec.persistencia.hibernate.HibernateUtil.closeSession(204) : >closeSession()
[SCEC] 2017-04-07 06:44:10,923 DEBUG edu.uag.iidis.scec.persistencia.hibernate.HibernateUtil.closeSession(212) : -Cerrando la sesión local al thread.
[SCEC] 2017-04-07 06:44:10,924 DEBUG edu.uag.iidis.scec.persistencia.hibernate.HibernateUtil.beginTransaction(230) : >beginTransaction()
[SCEC] 2017-04-07 06:44:10,924 DEBUG edu.uag.iidis.scec.persistencia.hibernate.HibernateUtil.beginTransaction(237) : -Iniciando una nueva transacción de base de datos en este thread.
[SCEC] 2017-04-07 06:44:10,924 DEBUG edu.uag.iidis.scec.persistencia.hibernate.HibernateUtil.getSession(160) : >getSession()
[SCEC] 2017-04-07 06:44:10,924 DEBUG edu.uag.iidis.scec.persistencia.hibernate.HibernateUtil.getSession(167) : -Abriendo una nueva sesión para el thread.
[SCEC] 2017-04-07 06:44:10,924 DEBUG edu.uag.iidis.scec.persistencia.CriticaDAO.existeCritica(184) : >existeRol(nombreRol)
[SCEC] 2017-04-07 06:44:10,925 DEBUG edu.uag.iidis.scec.persistencia.CriticaDAO.existeCritica(205) : select nombre from Critica where nombre = :nombre000
[SCEC] 2017-04-07 06:44:10,925 DEBUG edu.uag.iidis.scec.persistencia.hibernate.HibernateUtil.getSession(160) : >getSession()
[SCEC] 2017-04-07 06:44:10,925 DEBUG edu.uag.iidis.scec.persistencia.CriticaDAO.existeCritica(211) : <<<<<<<<< create query ok 
[SCEC] 2017-04-07 06:44:10,925 DEBUG edu.uag.iidis.scec.persistencia.CriticaDAO.existeCritica(216) : <<<<<<<<< set Parameter ok antes del query list >>>>>
Hibernate: select critica0_.Nombre as col_0_0_ from Criticaes critica0_ where critica0_.Nombre=?
[SCEC] 2017-04-07 06:44:10,927 DEBUG edu.uag.iidis.scec.persistencia.CriticaDAO.existeCritica(221) : <<<<<<<<< Result size 0
[SCEC] 2017-04-07 06:44:10,927 DEBUG edu.uag.iidis.scec.persistencia.hibernate.HibernateUtil.commitTransaction(256) : >commitTransaction()
[SCEC] 2017-04-07 06:44:10,927 DEBUG edu.uag.iidis.scec.persistencia.hibernate.HibernateUtil.commitTransaction(264) : -Comprometiendo la transacción de este thread.
[SCEC] 2017-04-07 06:44:10,928 DEBUG edu.uag.iidis.scec.persistencia.hibernate.HibernateUtil.closeSession(204) : >closeSession()
[SCEC] 2017-04-07 06:44:10,928 DEBUG edu.uag.iidis.scec.persistencia.hibernate.HibernateUtil.closeSession(212) : -Cerrando la sesión local al thread.
[SCEC] 2017-04-07 06:44:10,929 DEBUG edu.uag.iidis.scec.persistencia.hibernate.HibernateUtil.beginTransaction(230) : >beginTransaction()
[SCEC] 2017-04-07 06:44:10,930 DEBUG edu.uag.iidis.scec.persistencia.hibernate.HibernateUtil.beginTransaction(237) : -Iniciando una nueva transacción de base de datos en este thread.
[SCEC] 2017-04-07 06:44:10,930 DEBUG edu.uag.iidis.scec.persistencia.hibernate.HibernateUtil.getSession(160) : >getSession()
[SCEC] 2017-04-07 06:44:10,930 DEBUG edu.uag.iidis.scec.persistencia.hibernate.HibernateUtil.getSession(167) : -Abriendo una nueva sesión para el thread.
[SCEC] 2017-04-07 06:44:10,930 DEBUG edu.uag.iidis.scec.persistencia.CriticaDAO.hazPersistente(149) : >hazPersistente(critica)
[SCEC] 2017-04-07 06:44:10,931 DEBUG edu.uag.iidis.scec.persistencia.hibernate.HibernateUtil.getSession(160) : >getSession()
[SCEC] 2017-04-07 06:44:10,931 DEBUG edu.uag.iidis.scec.persistencia.CriticaDAO.buscarPorId(33) : >buscarPorID(1, true)
[SCEC] 2017-04-07 06:44:10,931 DEBUG edu.uag.iidis.scec.persistencia.hibernate.HibernateUtil.getSession(160) : >getSession()
Hibernate: select critica0_.id as id8_0_, critica0_.Nombre as Nombre8_0_, critica0_.Descripcion as Descripc3_8_0_, critica0_.Hotel as Hotel8_0_, critica0_.Nivel as Nivel8_0_ from Criticaes critica0_ where critica0_.id=? for update
[SCEC] 2017-04-07 06:44:10,933 DEBUG edu.uag.iidis.scec.persistencia.hibernate.HibernateUtil.commitTransaction(256) : >commitTransaction()
[SCEC] 2017-04-07 06:44:10,933 DEBUG edu.uag.iidis.scec.persistencia.hibernate.HibernateUtil.commitTransaction(264) : -Comprometiendo la transacción de este thread.
Hibernate: insert into Criticaes (Nombre, Descripcion, Hotel, Nivel, id) values (?, ?, ?, ?, ?)
[SCEC] 2017-04-07 06:44:10,935  WARN org.hibernate.engine.jdbc.spi.SqlExceptionHelper.logExceptions(143) : SQL Error: 1062, SQLState: 23000
[SCEC] 2017-04-07 06:44:10,935 ERROR org.hibernate.engine.jdbc.spi.SqlExceptionHelper.logExceptions(144) : Duplicate key or integrity constraint violation,  message from server: "Duplicate entry '003' for key 'Nombre'"
[SCEC] 2017-04-07 06:44:10,936 DEBUG edu.uag.iidis.scec.persistencia.hibernate.HibernateUtil.commitTransaction(271) : -Deshaciendo la transacción de este thread.
[SCEC] 2017-04-07 06:44:10,936 DEBUG edu.uag.iidis.scec.persistencia.hibernate.HibernateUtil.rollbackTransaction(287) : >rollbackTransaction()
[SCEC] 2017-04-07 06:44:10,936 DEBUG edu.uag.iidis.scec.persistencia.hibernate.HibernateUtil.rollbackTransaction(295) : -Intentando deshacer la transacción para este thread.
[SCEC] 2017-04-07 06:44:10,965 DEBUG edu.uag.iidis.scec.persistencia.hibernate.HibernateUtil.rollbackTransaction(304) : -Intentando cerrar la sesión.
[SCEC] 2017-04-07 06:44:10,965 DEBUG edu.uag.iidis.scec.persistencia.hibernate.HibernateUtil.closeSession(204) : >closeSession()
[SCEC] 2017-04-07 06:44:10,965 DEBUG edu.uag.iidis.scec.persistencia.hibernate.HibernateUtil.closeSession(212) : -Cerrando la sesión local al thread.
[SCEC] 2017-04-07 06:44:10,966 ERROR edu.uag.iidis.scec.persistencia.hibernate.HibernateUtil.commitTransaction(274) : <HibernateException
[SCEC] 2017-04-07 06:44:10,966 DEBUG edu.uag.iidis.scec.persistencia.hibernate.HibernateUtil.rollbackTransaction(287) : >rollbackTransaction()
[SCEC] 2017-04-07 06:44:10,966 DEBUG edu.uag.iidis.scec.persistencia.hibernate.HibernateUtil.rollbackTransaction(304) : -Intentando cerrar la sesión.
[SCEC] 2017-04-07 06:44:10,966 DEBUG edu.uag.iidis.scec.persistencia.hibernate.HibernateUtil.closeSession(204) : >closeSession()
[SCEC] 2017-04-07 06:44:10,966 DEBUG edu.uag.iidis.scec.persistencia.hibernate.HibernateUtil.closeSession(204) : >closeSession()
[SCEC] 2017-04-07 06:44:10,967 DEBUG edu.uag.iidis.scec.persistencia.CriticaDAO.buscarPorId(33) : >buscarPorID(1, true)
[SCEC] 2017-04-07 06:44:10,968 DEBUG edu.uag.iidis.scec.persistencia.hibernate.HibernateUtil.getSession(160) : >getSession()
[SCEC] 2017-04-07 06:44:10,968 DEBUG edu.uag.iidis.scec.persistencia.hibernate.HibernateUtil.getSession(167) : -Abriendo una nueva sesión para el thread.
Hibernate: select critica0_.id as id8_0_, critica0_.Nombre as Nombre8_0_, critica0_.Descripcion as Descripc3_8_0_, critica0_.Hotel as Hotel8_0_, critica0_.Nivel as Nivel8_0_ from Criticaes critica0_ where critica0_.id=? for update
[SCEC] 2017-04-07 06:44:10,969 DEBUG edu.uag.iidis.scec.persistencia.hibernate.HibernateUtil.beginTransaction(230) : >beginTransaction()
[SCEC] 2017-04-07 06:44:10,969 DEBUG edu.uag.iidis.scec.persistencia.hibernate.HibernateUtil.beginTransaction(237) : -Iniciando una nueva transacción de base de datos en este thread.
[SCEC] 2017-04-07 06:44:10,969 DEBUG edu.uag.iidis.scec.persistencia.hibernate.HibernateUtil.getSession(160) : >getSession()
[SCEC] 2017-04-07 06:44:10,969 DEBUG edu.uag.iidis.scec.persistencia.CriticaDAO.hazTransitorio(167) : >hazTransitorio(critica)
[SCEC] 2017-04-07 06:44:10,969 DEBUG edu.uag.iidis.scec.persistencia.hibernate.HibernateUtil.getSession(160) : >getSession()
[SCEC] 2017-04-07 06:44:10,970 DEBUG edu.uag.iidis.scec.persistencia.CriticaDAO.buscarPorId(33) : >buscarPorID(1, true)
[SCEC] 2017-04-07 06:44:10,970 DEBUG edu.uag.iidis.scec.persistencia.hibernate.HibernateUtil.getSession(160) : >getSession()
[SCEC] 2017-04-07 06:44:10,970  WARN edu.uag.iidis.scec.persistencia.CriticaDAO.buscarPorId(49) : <HibernateException
[SCEC] 2017-04-07 06:44:10,970 DEBUG edu.uag.iidis.scec.persistencia.hibernate.HibernateUtil.rollbackTransaction(287) : >rollbackTransaction()
[SCEC] 2017-04-07 06:44:10,970 DEBUG edu.uag.iidis.scec.persistencia.hibernate.HibernateUtil.rollbackTransaction(295) : -Intentando deshacer la transacción para este thread.
[SCEC] 2017-04-07 06:44:10,971 DEBUG edu.uag.iidis.scec.persistencia.hibernate.HibernateUtil.rollbackTransaction(304) : -Intentando cerrar la sesión.
[SCEC] 2017-04-07 06:44:10,971 DEBUG edu.uag.iidis.scec.persistencia.hibernate.HibernateUtil.closeSession(204) : >closeSession()
[SCEC] 2017-04-07 06:44:10,971 DEBUG edu.uag.iidis.scec.persistencia.hibernate.HibernateUtil.closeSession(212) : -Cerrando la sesión local al thread.
[SCEC] 2017-04-07 06:44:10,971 DEBUG edu.uag.iidis.scec.persistencia.hibernate.HibernateUtil.closeSession(204) : >closeSession()
[SCEC] 2017-04-07 06:44:10,973 DEBUG edu.uag.iidis.scec.persistencia.hibernate.HibernateUtil.beginTransaction(230) : >beginTransaction()
[SCEC] 2017-04-07 06:44:10,973 DEBUG edu.uag.iidis.scec.persistencia.hibernate.HibernateUtil.beginTransaction(237) : -Iniciando una nueva transacción de base de datos en este thread.
[SCEC] 2017-04-07 06:44:10,973 DEBUG edu.uag.iidis.scec.persistencia.hibernate.HibernateUtil.getSession(160) : >getSession()
[SCEC] 2017-04-07 06:44:10,974 DEBUG edu.uag.iidis.scec.persistencia.hibernate.HibernateUtil.getSession(167) : -Abriendo una nueva sesión para el thread.
[SCEC] 2017-04-07 06:44:10,974 DEBUG edu.uag.iidis.scec.persistencia.CriticaDAO.hazPersistente(149) : >hazPersistente(critica)
[SCEC] 2017-04-07 06:44:10,974 DEBUG edu.uag.iidis.scec.persistencia.hibernate.HibernateUtil.getSession(160) : >getSession()
[SCEC] 2017-04-07 06:44:10,974 DEBUG edu.uag.iidis.scec.persistencia.CriticaDAO.ordenarCriticaesPor(63) : >buscarTodos()
[SCEC] 2017-04-07 06:44:10,975 DEBUG edu.uag.iidis.scec.persistencia.CriticaDAO.ordenarCriticaesPor(70) : from Critica ORDER BY nombre
[SCEC] 2017-04-07 06:44:10,975 DEBUG edu.uag.iidis.scec.persistencia.hibernate.HibernateUtil.getSession(160) : >getSession()
Hibernate: insert into Criticaes (Nombre, Descripcion, Hotel, Nivel, id) values (?, ?, ?, ?, ?)
[SCEC] 2017-04-07 06:44:10,976  WARN org.hibernate.engine.jdbc.spi.SqlExceptionHelper.logExceptions(143) : SQL Error: 1062, SQLState: 23000
[SCEC] 2017-04-07 06:44:10,977 ERROR org.hibernate.engine.jdbc.spi.SqlExceptionHelper.logExceptions(144) : Duplicate key or integrity constraint violation,  message from server: "Duplicate entry '003' for key 'Nombre'"
[SCEC] 2017-04-07 06:44:10,977  WARN edu.uag.iidis.scec.persistencia.CriticaDAO.ordenarCriticaesPor(86) : <HibernateException
[SCEC] 2017-04-07 06:44:10,977 DEBUG edu.uag.iidis.scec.persistencia.hibernate.HibernateUtil.rollbackTransaction(287) : >rollbackTransaction()
[SCEC] 2017-04-07 06:44:10,977 DEBUG edu.uag.iidis.scec.persistencia.hibernate.HibernateUtil.rollbackTransaction(295) : -Intentando deshacer la transacción para este thread.
[SCEC] 2017-04-07 06:44:11,010 DEBUG edu.uag.iidis.scec.persistencia.hibernate.HibernateUtil.rollbackTransaction(304) : -Intentando cerrar la sesión.
[SCEC] 2017-04-07 06:44:11,011 DEBUG edu.uag.iidis.scec.persistencia.hibernate.HibernateUtil.closeSession(204) : >closeSession()
[SCEC] 2017-04-07 06:44:11,011 DEBUG edu.uag.iidis.scec.persistencia.hibernate.HibernateUtil.closeSession(212) : -Cerrando la sesión local al thread.
[SCEC] 2017-04-07 06:44:11,011 DEBUG edu.uag.iidis.scec.persistencia.hibernate.HibernateUtil.closeSession(204) : >closeSession()
[SCEC] 2017-04-07 06:44:11,012 DEBUG edu.uag.iidis.scec.persistencia.hibernate.HibernateUtil.beginTransaction(230) : >beginTransaction()
[SCEC] 2017-04-07 06:44:11,012 DEBUG edu.uag.iidis.scec.persistencia.hibernate.HibernateUtil.beginTransaction(237) : -Iniciando una nueva transacción de base de datos en este thread.
[SCEC] 2017-04-07 06:44:11,013 DEBUG edu.uag.iidis.scec.persistencia.hibernate.HibernateUtil.getSession(160) : >getSession()
[SCEC] 2017-04-07 06:44:11,013 DEBUG edu.uag.iidis.scec.persistencia.hibernate.HibernateUtil.getSession(167) : -Abriendo una nueva sesión para el thread.
[SCEC] 2017-04-07 06:44:11,013 DEBUG edu.uag.iidis.scec.persistencia.CriticaDAO.buscarTodos(101) : >buscarTodos()
[SCEC] 2017-04-07 06:44:11,013 DEBUG edu.uag.iidis.scec.persistencia.hibernate.HibernateUtil.getSession(160) : >getSession()
Hibernate: select this_.id as id8_0_, this_.Nombre as Nombre8_0_, this_.Descripcion as Descripc3_8_0_, this_.Hotel as Hotel8_0_, this_.Nivel as Nivel8_0_ from Criticaes this_
[SCEC] 2017-04-07 06:44:11,015 DEBUG edu.uag.iidis.scec.persistencia.CriticaDAO.buscarTodos(109) : >buscarTodos() ---- list   2
[SCEC] 2017-04-07 06:44:11,015 DEBUG edu.uag.iidis.scec.persistencia.CriticaDAO.buscarTodos(110) : >buscarTodos() ---- contenido   [edu.uag.iidis.scec.modelo.Critica@3af17be2[
  id=1
  nombre=001
  descripcion=001
  hotel=001
  nivel=001
], edu.uag.iidis.scec.modelo.Critica@f9879ac[
  id=2
  nombre=003
  descripcion=003
  hotel=003
  nivel=003
]]
[SCEC] 2017-04-07 06:44:11,015 DEBUG edu.uag.iidis.scec.persistencia.hibernate.HibernateUtil.commitTransaction(256) : >commitTransaction()
[SCEC] 2017-04-07 06:44:11,015 DEBUG edu.uag.iidis.scec.persistencia.hibernate.HibernateUtil.commitTransaction(264) : -Comprometiendo la transacción de este thread.
[SCEC] 2017-04-07 06:44:11,017 DEBUG edu.uag.iidis.scec.persistencia.hibernate.HibernateUtil.closeSession(204) : >closeSession()
[SCEC] 2017-04-07 06:44:11,017 DEBUG edu.uag.iidis.scec.persistencia.hibernate.HibernateUtil.closeSession(212) : -Cerrando la sesión local al thread.
[SCEC] 2017-04-07 06:44:11,017 DEBUG edu.uag.iidis.scec.persistencia.hibernate.HibernateUtil.beginTransaction(230) : >beginTransaction()
[SCEC] 2017-04-07 06:44:11,017 DEBUG edu.uag.iidis.scec.persistencia.hibernate.HibernateUtil.beginTransaction(237) : -Iniciando una nueva transacción de base de datos en este thread.
[SCEC] 2017-04-07 06:44:11,017 DEBUG edu.uag.iidis.scec.persistencia.hibernate.HibernateUtil.getSession(160) : >getSession()
[SCEC] 2017-04-07 06:44:11,017 DEBUG edu.uag.iidis.scec.persistencia.hibernate.HibernateUtil.getSession(167) : -Abriendo una nueva sesión para el thread.
[SCEC] 2017-04-07 06:44:11,018 DEBUG edu.uag.iidis.scec.persistencia.CriticaDAO.buscarTodos(101) : >buscarTodos()
[SCEC] 2017-04-07 06:44:11,018 DEBUG edu.uag.iidis.scec.persistencia.hibernate.HibernateUtil.getSession(160) : >getSession()
Hibernate: select this_.id as id8_0_, this_.Nombre as Nombre8_0_, this_.Descripcion as Descripc3_8_0_, this_.Hotel as Hotel8_0_, this_.Nivel as Nivel8_0_ from Criticaes this_
[SCEC] 2017-04-07 06:44:11,019 DEBUG edu.uag.iidis.scec.persistencia.CriticaDAO.buscarTodos(109) : >buscarTodos() ---- list   2
[SCEC] 2017-04-07 06:44:11,019 DEBUG edu.uag.iidis.scec.persistencia.CriticaDAO.buscarTodos(110) : >buscarTodos() ---- contenido   [edu.uag.iidis.scec.modelo.Critica@10c8f62[
  id=1
  nombre=001
  descripcion=001
  hotel=001
  nivel=001
], edu.uag.iidis.scec.modelo.Critica@674c583e[
  id=2
  nombre=003
  descripcion=003
  hotel=003
  nivel=003
]]
[SCEC] 2017-04-07 06:44:11,020 DEBUG edu.uag.iidis.scec.persistencia.hibernate.HibernateUtil.commitTransaction(256) : >commitTransaction()
[SCEC] 2017-04-07 06:44:11,020 DEBUG edu.uag.iidis.scec.persistencia.hibernate.HibernateUtil.commitTransaction(264) : -Comprometiendo la transacción de este thread.
[SCEC] 2017-04-07 06:44:11,020 DEBUG edu.uag.iidis.scec.persistencia.hibernate.HibernateUtil.closeSession(204) : >closeSession()
[SCEC] 2017-04-07 06:44:11,020 DEBUG edu.uag.iidis.scec.persistencia.hibernate.HibernateUtil.closeSession(212) : -Cerrando la sesión local al thread.
]]></system-out>

      <system-err><![CDATA[]]></system-err>

  </testsuite>
</testsuites>
